2017-05-02 08:59:08,912 DEBUG [main]: Processing.../C:/Users/CoderDream/Documents/GitHub/CoderDreamUtil/common-util/target/test-classes/
 2017-05-02 08:59:08,931 DEBUG [main]: Processing.../C:/Users/CoderDream/Documents/GitHub/CoderDreamUtil/common-util/target/test-classes/Data2.xlsx
 2017-05-02 09:00:32,430 DEBUG [main]: Processing.../C:/Users/CoderDream/Documents/GitHub/CoderDreamUtil/common-util/target/test-classes/
 2017-05-02 09:00:32,471 DEBUG [main]: Processing.../C:/Users/CoderDream/Documents/GitHub/CoderDreamUtil/common-util/target/test-classes/Data2.xlsx
 2017-05-02 09:05:29,330 DEBUG [main]: Processing.../C:/Users/CoderDream/Documents/GitHub/CoderDreamUtil/common-util/target/test-classes/
 2017-05-02 09:05:29,352 DEBUG [main]: Processing.../C:/Users/CoderDream/Documents/GitHub/CoderDreamUtil/common-util/target/test-classes/Data2.xlsx
 2017-05-02 10:37:42,345 DEBUG [main]: Processing.../C:/Users/CoderDream/Documents/GitHub/CoderDreamUtil/common-util/target/test-classes/
 2017-05-02 10:37:42,383 DEBUG [main]: Processing.../C:/Users/CoderDream/Documents/GitHub/CoderDreamUtil/common-util/target/test-classes/Data4.xlsx
 2017-05-02 10:58:55,280 DEBUG [main]: Processing.../C:/Users/CoderDream/Documents/GitHub/CoderDreamUtil/common-util/target/test-classes/
 2017-05-02 10:58:55,309 DEBUG [main]: Processing.../C:/Users/CoderDream/Documents/GitHub/CoderDreamUtil/common-util/target/test-classes/Data4.xlsx
 2017-05-02 11:00:06,766 DEBUG [main]: Processing.../C:/Users/CoderDream/Documents/GitHub/CoderDreamUtil/common-util/target/test-classes/
 2017-05-02 11:00:06,785 DEBUG [main]: Processing.../C:/Users/CoderDream/Documents/GitHub/CoderDreamUtil/common-util/target/test-classes/Data4.xlsx
 2017-05-02 11:03:37,160 DEBUG [main]: Processing.../C:/Users/CoderDream/Documents/GitHub/CoderDreamUtil/common-util/target/test-classes/
 2017-05-02 11:03:37,170 DEBUG [main]: Processing.../C:/Users/CoderDream/Documents/GitHub/CoderDreamUtil/common-util/target/test-classes/Data4.xlsx
 2017-05-02 11:22:52,133 DEBUG [main]: Processing.../C:/Users/CoderDream/Documents/GitHub/CoderDreamUtil/common-util/target/test-classes/
 2017-05-02 11:22:52,150 DEBUG [main]: Processing.../C:/Users/CoderDream/Documents/GitHub/CoderDreamUtil/common-util/target/test-classes/Data4.xlsx
 2017-05-02 11:22:54,927 DEBUG [main]: Processing.../C:/Users/CoderDream/Documents/GitHub/CoderDreamUtil/common-util/target/test-classes/Data4.xlsx
 2017-05-02 11:28:35,852 DEBUG [main]: Processing.../C:/Users/CoderDream/Documents/GitHub/CoderDreamUtil/common-util/target/test-classes/
 2017-05-02 11:34:42,004 DEBUG [main]: Processing.../C:/Users/CoderDream/Documents/GitHub/CoderDreamUtil/common-util/target/test-classes/
 2017-05-02 11:37:03,111 DEBUG [main]: Processing.../C:/Users/CoderDream/Documents/GitHub/CoderDreamUtil/common-util/target/test-classes/
 2017-05-02 11:37:03,126 DEBUG [main]: Processing.../C:/Users/CoderDream/Documents/GitHub/CoderDreamUtil/common-util/target/test-classes/Data4.xlsx
 2017-05-02 11:37:05,399 DEBUG [main]: Processing.../C:/Users/CoderDream/Documents/GitHub/CoderDreamUtil/common-util/target/test-classes/Data4.xlsx
 2017-05-02 11:37:06,105 DEBUG [main]: Processing.../C:/Users/CoderDream/Documents/GitHub/CoderDreamUtil/common-util/target/test-classes/Data4.xlsx
 2017-05-02 11:37:06,635 DEBUG [main]: Processing.../C:/Users/CoderDream/Documents/GitHub/CoderDreamUtil/common-util/target/test-classes/Data4.xlsx
 2017-05-02 11:37:06,915 DEBUG [main]: Processing.../C:/Users/CoderDream/Documents/GitHub/CoderDreamUtil/common-util/target/test-classes/Data4.xlsx
 2017-05-02 11:37:07,185 DEBUG [main]: Processing.../C:/Users/CoderDream/Documents/GitHub/CoderDreamUtil/common-util/target/test-classes/Data4.xlsx
 2017-05-02 11:37:07,413 DEBUG [main]: Processing.../C:/Users/CoderDream/Documents/GitHub/CoderDreamUtil/common-util/target/test-classes/Data4.xlsx
 2017-05-02 11:37:07,659 DEBUG [main]: Processing.../C:/Users/CoderDream/Documents/GitHub/CoderDreamUtil/common-util/target/test-classes/Data4.xlsx
 2017-05-02 11:39:16,320 DEBUG [main]: Processing.../C:/Users/CoderDream/Documents/GitHub/CoderDreamUtil/common-util/target/test-classes/
 2017-05-02 11:39:16,339 DEBUG [main]: Processing.../C:/Users/CoderDream/Documents/GitHub/CoderDreamUtil/common-util/target/test-classes/Data4.xlsx
 2017-05-02 11:39:18,738 DEBUG [main]: Processing.../C:/Users/CoderDream/Documents/GitHub/CoderDreamUtil/common-util/target/test-classes/Data4.xlsx
 2017-05-02 11:39:19,370 DEBUG [main]: Processing.../C:/Users/CoderDream/Documents/GitHub/CoderDreamUtil/common-util/target/test-classes/Data4.xlsx
 2017-05-02 11:39:19,805 DEBUG [main]: Processing.../C:/Users/CoderDream/Documents/GitHub/CoderDreamUtil/common-util/target/test-classes/Data4.xlsx
 2017-05-02 11:39:20,126 DEBUG [main]: Processing.../C:/Users/CoderDream/Documents/GitHub/CoderDreamUtil/common-util/target/test-classes/Data4.xlsx
 2017-05-02 11:39:20,386 DEBUG [main]: Processing.../C:/Users/CoderDream/Documents/GitHub/CoderDreamUtil/common-util/target/test-classes/Data4.xlsx
 2017-05-02 11:39:20,651 DEBUG [main]: Processing.../C:/Users/CoderDream/Documents/GitHub/CoderDreamUtil/common-util/target/test-classes/Data4.xlsx
 2017-05-02 11:39:20,903 DEBUG [main]: Processing.../C:/Users/CoderDream/Documents/GitHub/CoderDreamUtil/common-util/target/test-classes/Data4.xlsx
 2017-05-02 11:39:21,187 DEBUG [main]: Processing.../C:/Users/CoderDream/Documents/GitHub/CoderDreamUtil/common-util/target/test-classes/Data4.xlsx
 2017-05-02 11:39:21,535 DEBUG [main]: Processing.../C:/Users/CoderDream/Documents/GitHub/CoderDreamUtil/common-util/target/test-classes/Data4.xlsx
 2017-05-02 11:49:29,014 DEBUG [main]: Processing.../C:/Users/CoderDream/Documents/GitHub/CoderDreamUtil/common-util/target/test-classes/
 2017-05-02 11:49:29,028 DEBUG [main]: Processing.../C:/Users/CoderDream/Documents/GitHub/CoderDreamUtil/common-util/target/test-classes/Data4.xlsx
 2017-05-02 11:49:31,403 DEBUG [main]: Processing.../C:/Users/CoderDream/Documents/GitHub/CoderDreamUtil/common-util/target/test-classes/Data4.xlsx
 2017-05-02 11:49:32,073 DEBUG [main]: Processing.../C:/Users/CoderDream/Documents/GitHub/CoderDreamUtil/common-util/target/test-classes/Data4.xlsx
 2017-05-02 11:49:32,496 DEBUG [main]: Processing.../C:/Users/CoderDream/Documents/GitHub/CoderDreamUtil/common-util/target/test-classes/Data4.xlsx
 2017-05-02 11:49:32,841 DEBUG [main]: Processing.../C:/Users/CoderDream/Documents/GitHub/CoderDreamUtil/common-util/target/test-classes/Data4.xlsx
 2017-05-02 11:49:33,165 DEBUG [main]: Processing.../C:/Users/CoderDream/Documents/GitHub/CoderDreamUtil/common-util/target/test-classes/Data4.xlsx
 2017-05-02 11:49:33,477 DEBUG [main]: Processing.../C:/Users/CoderDream/Documents/GitHub/CoderDreamUtil/common-util/target/test-classes/Data4.xlsx
 2017-05-02 11:49:33,840 DEBUG [main]: Processing.../C:/Users/CoderDream/Documents/GitHub/CoderDreamUtil/common-util/target/test-classes/Data4.xlsx
 2017-05-02 11:49:34,229 DEBUG [main]: Processing.../C:/Users/CoderDream/Documents/GitHub/CoderDreamUtil/common-util/target/test-classes/Data4.xlsx
 2017-05-02 11:49:34,559 DEBUG [main]: Processing.../C:/Users/CoderDream/Documents/GitHub/CoderDreamUtil/common-util/target/test-classes/Data4.xlsx
 2017-05-02 11:55:23,888 DEBUG [main]: Processing...TableStructure.xlsx
 2017-05-02 11:55:23,903 DEBUG [main]: Processing.../C:/Users/CoderDream/Documents/GitHub/CoderDreamUtil/common-util/target/test-classes/TableStructure.xlsx
 2017-05-02 11:55:23,904 DEBUG [main]: Processing.../C:/Users/CoderDream/Documents/GitHub/CoderDreamUtil/common-util/target/test-classes/TableStructure.xlsx
 2017-05-02 11:55:23,909 DEBUG [main]: Processing.../C:/Users/CoderDream/Documents/GitHub/CoderDreamUtil/common-util/target/test-classes/TableStructure.xlsx
 2017-05-02 11:55:29,758 DEBUG [main]: ISBG_HumanMap	ID	varchar		
 2017-05-02 11:56:24,377 DEBUG [main]: Processing...TableStructure.xlsx
 2017-05-02 11:56:24,394 DEBUG [main]: Processing.../C:/Users/CoderDream/Documents/GitHub/CoderDreamUtil/common-util/target/test-classes/TableStructure.xlsx
 2017-05-02 11:56:24,395 DEBUG [main]: Processing.../C:/Users/CoderDream/Documents/GitHub/CoderDreamUtil/common-util/target/test-classes/TableStructure.xlsx
 2017-05-02 11:56:24,399 DEBUG [main]: Processing.../C:/Users/CoderDream/Documents/GitHub/CoderDreamUtil/common-util/target/test-classes/TableStructure.xlsx
 2017-05-02 14:01:07,233 DEBUG [main]: Processing...TableStructure.xlsx
 2017-05-02 14:01:07,251 DEBUG [main]: Processing.../C:/Users/CoderDream/Documents/GitHub/CoderDreamUtil/common-util/target/test-classes/TableStructure.xlsx
 2017-05-02 14:01:07,252 DEBUG [main]: Processing.../C:/Users/CoderDream/Documents/GitHub/CoderDreamUtil/common-util/target/test-classes/TableStructure.xlsx
 2017-05-02 14:01:07,256 DEBUG [main]: Processing.../C:/Users/CoderDream/Documents/GitHub/CoderDreamUtil/common-util/target/test-classes/TableStructure.xlsx
 2017-05-02 14:06:54,326 DEBUG [main]: Processing.../C:/Users/CoderDream/Documents/GitHub/CoderDreamUtil/common-util/target/test-classes/TableStructure.xlsx
 2017-05-02 14:06:54,337 DEBUG [main]: Processing.../C:/Users/CoderDream/Documents/GitHub/CoderDreamUtil/common-util/target/test-classes/TableStructure.xlsx
 2017-05-02 14:10:03,049 DEBUG [main]: Processing.../C:/Users/CoderDream/Documents/GitHub/CoderDreamUtil/common-util/target/test-classes/
 2017-05-02 14:10:03,066 DEBUG [main]: Processing.../C:/Users/CoderDream/Documents/GitHub/CoderDreamUtil/common-util/target/test-classes/Data4.xlsx
 2017-05-02 14:10:06,416 DEBUG [main]: Processing.../C:/Users/CoderDream/Documents/GitHub/CoderDreamUtil/common-util/target/test-classes/Data4.xlsx
 2017-05-02 14:10:07,583 DEBUG [main]: Processing.../C:/Users/CoderDream/Documents/GitHub/CoderDreamUtil/common-util/target/test-classes/Data4.xlsx
 2017-05-02 14:10:07,995 DEBUG [main]: Processing.../C:/Users/CoderDream/Documents/GitHub/CoderDreamUtil/common-util/target/test-classes/Data4.xlsx
 2017-05-02 14:10:08,393 DEBUG [main]: Processing.../C:/Users/CoderDream/Documents/GitHub/CoderDreamUtil/common-util/target/test-classes/Data4.xlsx
 2017-05-02 14:10:08,660 DEBUG [main]: Processing.../C:/Users/CoderDream/Documents/GitHub/CoderDreamUtil/common-util/target/test-classes/Data4.xlsx
 2017-05-02 14:10:08,907 DEBUG [main]: Processing.../C:/Users/CoderDream/Documents/GitHub/CoderDreamUtil/common-util/target/test-classes/Data4.xlsx
 2017-05-02 14:10:09,227 DEBUG [main]: Processing.../C:/Users/CoderDream/Documents/GitHub/CoderDreamUtil/common-util/target/test-classes/Data4.xlsx
 2017-05-02 14:10:09,574 DEBUG [main]: Processing.../C:/Users/CoderDream/Documents/GitHub/CoderDreamUtil/common-util/target/test-classes/Data4.xlsx
 2017-05-02 14:10:09,897 DEBUG [main]: Processing.../C:/Users/CoderDream/Documents/GitHub/CoderDreamUtil/common-util/target/test-classes/Data4.xlsx
 2017-05-02 14:11:23,097 DEBUG [main]: Processing.../C:/Users/CoderDream/Documents/GitHub/CoderDreamUtil/common-util/target/test-classes/
 2017-05-02 14:11:23,112 DEBUG [main]: Processing.../C:/Users/CoderDream/Documents/GitHub/CoderDreamUtil/common-util/target/test-classes/Data4.xlsx
 2017-05-02 14:11:26,080 DEBUG [main]: Processing.../C:/Users/CoderDream/Documents/GitHub/CoderDreamUtil/common-util/target/test-classes/Data4.xlsx
 2017-05-02 14:11:27,275 DEBUG [main]: Processing.../C:/Users/CoderDream/Documents/GitHub/CoderDreamUtil/common-util/target/test-classes/Data4.xlsx
 2017-05-02 14:11:27,785 DEBUG [main]: Processing.../C:/Users/CoderDream/Documents/GitHub/CoderDreamUtil/common-util/target/test-classes/Data4.xlsx
 2017-05-02 14:11:28,378 DEBUG [main]: Processing.../C:/Users/CoderDream/Documents/GitHub/CoderDreamUtil/common-util/target/test-classes/Data4.xlsx
 2017-05-02 14:11:28,789 DEBUG [main]: Processing.../C:/Users/CoderDream/Documents/GitHub/CoderDreamUtil/common-util/target/test-classes/Data4.xlsx
 2017-05-02 14:11:29,147 DEBUG [main]: Processing.../C:/Users/CoderDream/Documents/GitHub/CoderDreamUtil/common-util/target/test-classes/Data4.xlsx
 2017-05-02 14:11:29,475 DEBUG [main]: Processing.../C:/Users/CoderDream/Documents/GitHub/CoderDreamUtil/common-util/target/test-classes/Data4.xlsx
 2017-05-02 14:11:29,790 DEBUG [main]: Processing.../C:/Users/CoderDream/Documents/GitHub/CoderDreamUtil/common-util/target/test-classes/Data4.xlsx
 2017-05-02 14:11:30,460 DEBUG [main]: Processing.../C:/Users/CoderDream/Documents/GitHub/CoderDreamUtil/common-util/target/test-classes/Data4.xlsx
 2017-05-02 16:09:37,823 DEBUG [main]: Processing.../C:/Users/CoderDream/Documents/GitHub/CoderDreamUtil/common-util/target/test-classes/
 2017-05-02 16:09:37,857 DEBUG [main]: Processing.../C:/Users/CoderDream/Documents/GitHub/CoderDreamUtil/common-util/target/test-classes/Data4.xlsx
 2017-05-02 16:09:41,492 DEBUG [main]: Processing.../C:/Users/CoderDream/Documents/GitHub/CoderDreamUtil/common-util/target/test-classes/Data4.xlsx
 2017-05-02 16:09:43,164 DEBUG [main]: Processing.../C:/Users/CoderDream/Documents/GitHub/CoderDreamUtil/common-util/target/test-classes/Data4.xlsx
 2017-05-02 16:09:44,507 DEBUG [main]: Processing.../C:/Users/CoderDream/Documents/GitHub/CoderDreamUtil/common-util/target/test-classes/Data4.xlsx
 2017-05-02 16:09:44,896 DEBUG [main]: Processing.../C:/Users/CoderDream/Documents/GitHub/CoderDreamUtil/common-util/target/test-classes/Data4.xlsx
 2017-05-02 16:09:45,166 DEBUG [main]: Processing.../C:/Users/CoderDream/Documents/GitHub/CoderDreamUtil/common-util/target/test-classes/Data4.xlsx
 2017-05-02 16:09:45,614 DEBUG [main]: Processing.../C:/Users/CoderDream/Documents/GitHub/CoderDreamUtil/common-util/target/test-classes/Data4.xlsx
 2017-05-02 16:09:45,874 DEBUG [main]: Processing.../C:/Users/CoderDream/Documents/GitHub/CoderDreamUtil/common-util/target/test-classes/Data4.xlsx
 2017-05-02 16:09:46,219 DEBUG [main]: Processing.../C:/Users/CoderDream/Documents/GitHub/CoderDreamUtil/common-util/target/test-classes/Data4.xlsx
 2017-05-02 16:09:46,689 DEBUG [main]: Processing.../C:/Users/CoderDream/Documents/GitHub/CoderDreamUtil/common-util/target/test-classes/Data4.xlsx
 2017-05-02 16:09:47,366 DEBUG [main]: Processing.../C:/Users/CoderDream/Documents/GitHub/CoderDreamUtil/common-util/target/test-classes/Data4.xlsx
 2017-05-02 16:18:03,612 DEBUG [main]: Processing.../C:/Users/CoderDream/Documents/GitHub/CoderDreamUtil/common-util/target/test-classes/
 2017-05-02 16:18:03,628 DEBUG [main]: Processing.../C:/Users/CoderDream/Documents/GitHub/CoderDreamUtil/common-util/target/test-classes/Data4.xlsx
 2017-05-02 16:18:06,326 DEBUG [main]: Processing.../C:/Users/CoderDream/Documents/GitHub/CoderDreamUtil/common-util/target/test-classes/Data4.xlsx
 2017-05-02 16:18:07,124 DEBUG [main]: Processing.../C:/Users/CoderDream/Documents/GitHub/CoderDreamUtil/common-util/target/test-classes/Data4.xlsx
 2017-05-02 16:18:07,555 DEBUG [main]: Processing.../C:/Users/CoderDream/Documents/GitHub/CoderDreamUtil/common-util/target/test-classes/Data4.xlsx
 2017-05-02 16:18:07,884 DEBUG [main]: Processing.../C:/Users/CoderDream/Documents/GitHub/CoderDreamUtil/common-util/target/test-classes/Data4.xlsx
 2017-05-02 16:18:08,255 DEBUG [main]: Processing.../C:/Users/CoderDream/Documents/GitHub/CoderDreamUtil/common-util/target/test-classes/Data4.xlsx
 2017-05-02 16:18:08,635 DEBUG [main]: Processing.../C:/Users/CoderDream/Documents/GitHub/CoderDreamUtil/common-util/target/test-classes/Data4.xlsx
 2017-05-02 16:18:08,902 DEBUG [main]: Processing.../C:/Users/CoderDream/Documents/GitHub/CoderDreamUtil/common-util/target/test-classes/Data4.xlsx
 2017-05-02 16:18:09,213 DEBUG [main]: Processing.../C:/Users/CoderDream/Documents/GitHub/CoderDreamUtil/common-util/target/test-classes/Data4.xlsx
 2017-05-02 16:18:09,542 DEBUG [main]: Processing.../C:/Users/CoderDream/Documents/GitHub/CoderDreamUtil/common-util/target/test-classes/Data4.xlsx
 2017-05-02 16:18:09,877 DEBUG [main]: Processing.../C:/Users/CoderDream/Documents/GitHub/CoderDreamUtil/common-util/target/test-classes/Data4.xlsx
 2017-05-02 16:20:36,758 DEBUG [main]: Processing.../C:/Users/CoderDream/Documents/GitHub/CoderDreamUtil/common-util/target/test-classes/
 2017-05-02 16:20:36,778 DEBUG [main]: Processing.../C:/Users/CoderDream/Documents/GitHub/CoderDreamUtil/common-util/target/test-classes/Data5.xlsx
 2017-05-02 16:20:40,339 DEBUG [main]: Processing.../C:/Users/CoderDream/Documents/GitHub/CoderDreamUtil/common-util/target/test-classes/Data5.xlsx
 2017-05-02 16:20:41,477 DEBUG [main]: Processing.../C:/Users/CoderDream/Documents/GitHub/CoderDreamUtil/common-util/target/test-classes/Data5.xlsx
 2017-05-02 16:20:42,257 DEBUG [main]: Processing.../C:/Users/CoderDream/Documents/GitHub/CoderDreamUtil/common-util/target/test-classes/Data5.xlsx
 2017-05-02 16:20:42,933 DEBUG [main]: Processing.../C:/Users/CoderDream/Documents/GitHub/CoderDreamUtil/common-util/target/test-classes/Data5.xlsx
 2017-05-02 16:20:43,605 DEBUG [main]: Processing.../C:/Users/CoderDream/Documents/GitHub/CoderDreamUtil/common-util/target/test-classes/Data5.xlsx
 2017-05-02 16:20:43,997 DEBUG [main]: Processing.../C:/Users/CoderDream/Documents/GitHub/CoderDreamUtil/common-util/target/test-classes/Data5.xlsx
 2017-05-02 16:20:44,349 DEBUG [main]: Processing.../C:/Users/CoderDream/Documents/GitHub/CoderDreamUtil/common-util/target/test-classes/Data5.xlsx
 2017-05-02 16:20:44,653 DEBUG [main]: Processing.../C:/Users/CoderDream/Documents/GitHub/CoderDreamUtil/common-util/target/test-classes/Data5.xlsx
 2017-05-02 16:20:45,134 DEBUG [main]: Processing.../C:/Users/CoderDream/Documents/GitHub/CoderDreamUtil/common-util/target/test-classes/Data5.xlsx
 2017-05-02 16:20:45,829 DEBUG [main]: Processing.../C:/Users/CoderDream/Documents/GitHub/CoderDreamUtil/common-util/target/test-classes/Data5.xlsx
 2017-05-02 16:23:15,429 DEBUG [main]: Processing.../C:/Users/CoderDream/Documents/GitHub/CoderDreamUtil/common-util/target/test-classes/
 2017-05-02 16:23:15,445 DEBUG [main]: Processing.../C:/Users/CoderDream/Documents/GitHub/CoderDreamUtil/common-util/target/test-classes/Data5.xlsx
 2017-05-02 16:23:18,833 DEBUG [main]: Processing.../C:/Users/CoderDream/Documents/GitHub/CoderDreamUtil/common-util/target/test-classes/Data5.xlsx
 2017-05-02 16:23:19,915 DEBUG [main]: Processing.../C:/Users/CoderDream/Documents/GitHub/CoderDreamUtil/common-util/target/test-classes/Data5.xlsx
 2017-05-02 16:23:20,468 DEBUG [main]: Processing.../C:/Users/CoderDream/Documents/GitHub/CoderDreamUtil/common-util/target/test-classes/Data5.xlsx
 2017-05-02 16:23:20,965 DEBUG [main]: Processing.../C:/Users/CoderDream/Documents/GitHub/CoderDreamUtil/common-util/target/test-classes/Data5.xlsx
 2017-05-02 16:23:21,423 DEBUG [main]: Processing.../C:/Users/CoderDream/Documents/GitHub/CoderDreamUtil/common-util/target/test-classes/Data5.xlsx
 2017-05-02 16:23:21,806 DEBUG [main]: Processing.../C:/Users/CoderDream/Documents/GitHub/CoderDreamUtil/common-util/target/test-classes/Data5.xlsx
 2017-05-02 16:23:22,302 DEBUG [main]: Processing.../C:/Users/CoderDream/Documents/GitHub/CoderDreamUtil/common-util/target/test-classes/Data5.xlsx
 2017-05-02 16:23:22,612 DEBUG [main]: Processing.../C:/Users/CoderDream/Documents/GitHub/CoderDreamUtil/common-util/target/test-classes/Data5.xlsx
 2017-05-02 16:23:22,936 DEBUG [main]: Processing.../C:/Users/CoderDream/Documents/GitHub/CoderDreamUtil/common-util/target/test-classes/Data5.xlsx
 2017-05-02 16:23:23,594 DEBUG [main]: Processing.../C:/Users/CoderDream/Documents/GitHub/CoderDreamUtil/common-util/target/test-classes/Data5.xlsx
 2017-05-02 16:23:32,322 DEBUG [main]: Processing.../C:/Users/CoderDream/Documents/GitHub/CoderDreamUtil/common-util/target/test-classes/
 2017-05-02 16:23:32,342 DEBUG [main]: Processing.../C:/Users/CoderDream/Documents/GitHub/CoderDreamUtil/common-util/target/test-classes/Data5.xlsx
 2017-05-02 16:23:36,053 DEBUG [main]: Processing.../C:/Users/CoderDream/Documents/GitHub/CoderDreamUtil/common-util/target/test-classes/Data5.xlsx
 2017-05-02 16:23:37,722 DEBUG [main]: Processing.../C:/Users/CoderDream/Documents/GitHub/CoderDreamUtil/common-util/target/test-classes/Data5.xlsx
 2017-05-02 16:23:38,294 DEBUG [main]: Processing.../C:/Users/CoderDream/Documents/GitHub/CoderDreamUtil/common-util/target/test-classes/Data5.xlsx
 2017-05-02 16:23:38,792 DEBUG [main]: Processing.../C:/Users/CoderDream/Documents/GitHub/CoderDreamUtil/common-util/target/test-classes/Data5.xlsx
 2017-05-02 16:23:39,277 DEBUG [main]: Processing.../C:/Users/CoderDream/Documents/GitHub/CoderDreamUtil/common-util/target/test-classes/Data5.xlsx
 2017-05-02 16:23:39,772 DEBUG [main]: Processing.../C:/Users/CoderDream/Documents/GitHub/CoderDreamUtil/common-util/target/test-classes/Data5.xlsx
 2017-05-02 16:23:40,101 DEBUG [main]: Processing.../C:/Users/CoderDream/Documents/GitHub/CoderDreamUtil/common-util/target/test-classes/Data5.xlsx
 2017-05-02 16:23:40,455 DEBUG [main]: Processing.../C:/Users/CoderDream/Documents/GitHub/CoderDreamUtil/common-util/target/test-classes/Data5.xlsx
 2017-05-02 16:23:40,799 DEBUG [main]: Processing.../C:/Users/CoderDream/Documents/GitHub/CoderDreamUtil/common-util/target/test-classes/Data5.xlsx
 2017-05-02 16:23:41,636 DEBUG [main]: Processing.../C:/Users/CoderDream/Documents/GitHub/CoderDreamUtil/common-util/target/test-classes/Data5.xlsx
 2017-05-02 16:26:13,786 DEBUG [main]: Processing.../C:/Users/CoderDream/Documents/GitHub/CoderDreamUtil/common-util/target/test-classes/
 2017-05-02 16:26:13,804 DEBUG [main]: Processing.../C:/Users/CoderDream/Documents/GitHub/CoderDreamUtil/common-util/target/test-classes/Data5.xlsx
 2017-05-02 16:26:17,147 DEBUG [main]: Processing.../C:/Users/CoderDream/Documents/GitHub/CoderDreamUtil/common-util/target/test-classes/Data5.xlsx
 2017-05-02 16:26:18,842 DEBUG [main]: Processing.../C:/Users/CoderDream/Documents/GitHub/CoderDreamUtil/common-util/target/test-classes/Data5.xlsx
 2017-05-02 16:26:19,623 DEBUG [main]: Processing.../C:/Users/CoderDream/Documents/GitHub/CoderDreamUtil/common-util/target/test-classes/Data5.xlsx
 2017-05-02 16:26:20,100 DEBUG [main]: Processing.../C:/Users/CoderDream/Documents/GitHub/CoderDreamUtil/common-util/target/test-classes/Data5.xlsx
 2017-05-02 16:26:20,619 DEBUG [main]: Processing.../C:/Users/CoderDream/Documents/GitHub/CoderDreamUtil/common-util/target/test-classes/Data5.xlsx
 2017-05-02 16:26:21,036 DEBUG [main]: Processing.../C:/Users/CoderDream/Documents/GitHub/CoderDreamUtil/common-util/target/test-classes/Data5.xlsx
 2017-05-02 16:26:21,489 DEBUG [main]: Processing.../C:/Users/CoderDream/Documents/GitHub/CoderDreamUtil/common-util/target/test-classes/Data5.xlsx
 2017-05-02 16:26:21,885 DEBUG [main]: Processing.../C:/Users/CoderDream/Documents/GitHub/CoderDreamUtil/common-util/target/test-classes/Data5.xlsx
 2017-05-02 16:26:22,432 DEBUG [main]: Processing.../C:/Users/CoderDream/Documents/GitHub/CoderDreamUtil/common-util/target/test-classes/Data5.xlsx
 2017-05-02 16:27:33,078 DEBUG [main]: Processing.../C:/Users/CoderDream/Documents/GitHub/CoderDreamUtil/common-util/target/test-classes/
 2017-05-02 16:27:33,102 DEBUG [main]: Processing.../C:/Users/CoderDream/Documents/GitHub/CoderDreamUtil/common-util/target/test-classes/Data5.xlsx
 2017-05-02 16:27:36,322 DEBUG [main]: Processing.../C:/Users/CoderDream/Documents/GitHub/CoderDreamUtil/common-util/target/test-classes/Data5.xlsx
 2017-05-02 16:27:37,464 DEBUG [main]: Processing.../C:/Users/CoderDream/Documents/GitHub/CoderDreamUtil/common-util/target/test-classes/Data5.xlsx
 2017-05-02 16:27:38,653 DEBUG [main]: Processing.../C:/Users/CoderDream/Documents/GitHub/CoderDreamUtil/common-util/target/test-classes/Data5.xlsx
 2017-05-02 16:27:39,307 DEBUG [main]: Processing.../C:/Users/CoderDream/Documents/GitHub/CoderDreamUtil/common-util/target/test-classes/Data5.xlsx
 2017-05-02 16:27:39,892 DEBUG [main]: Processing.../C:/Users/CoderDream/Documents/GitHub/CoderDreamUtil/common-util/target/test-classes/Data5.xlsx
 2017-05-02 16:27:40,204 DEBUG [main]: Processing.../C:/Users/CoderDream/Documents/GitHub/CoderDreamUtil/common-util/target/test-classes/Data5.xlsx
 2017-05-02 16:27:40,553 DEBUG [main]: Processing.../C:/Users/CoderDream/Documents/GitHub/CoderDreamUtil/common-util/target/test-classes/Data5.xlsx
 2017-05-02 16:27:40,802 DEBUG [main]: Processing.../C:/Users/CoderDream/Documents/GitHub/CoderDreamUtil/common-util/target/test-classes/Data5.xlsx
 2017-05-02 16:27:41,249 DEBUG [main]: Processing.../C:/Users/CoderDream/Documents/GitHub/CoderDreamUtil/common-util/target/test-classes/Data5.xlsx
 2017-05-02 16:28:01,575 DEBUG [main]: Processing.../C:/Users/CoderDream/Documents/GitHub/CoderDreamUtil/common-util/target/test-classes/
 2017-05-02 16:28:01,598 DEBUG [main]: Processing.../C:/Users/CoderDream/Documents/GitHub/CoderDreamUtil/common-util/target/test-classes/Data5.xlsx
 2017-05-02 16:28:04,546 DEBUG [main]: Processing.../C:/Users/CoderDream/Documents/GitHub/CoderDreamUtil/common-util/target/test-classes/Data5.xlsx
 2017-05-02 16:28:05,442 DEBUG [main]: Processing.../C:/Users/CoderDream/Documents/GitHub/CoderDreamUtil/common-util/target/test-classes/Data5.xlsx
 2017-05-02 16:28:06,103 DEBUG [main]: Processing.../C:/Users/CoderDream/Documents/GitHub/CoderDreamUtil/common-util/target/test-classes/Data5.xlsx
 2017-05-02 16:28:06,498 DEBUG [main]: Processing.../C:/Users/CoderDream/Documents/GitHub/CoderDreamUtil/common-util/target/test-classes/Data5.xlsx
 2017-05-02 16:28:06,930 DEBUG [main]: Processing.../C:/Users/CoderDream/Documents/GitHub/CoderDreamUtil/common-util/target/test-classes/Data5.xlsx
 2017-05-02 16:28:07,258 DEBUG [main]: Processing.../C:/Users/CoderDream/Documents/GitHub/CoderDreamUtil/common-util/target/test-classes/Data5.xlsx
 2017-05-02 16:28:07,575 DEBUG [main]: Processing.../C:/Users/CoderDream/Documents/GitHub/CoderDreamUtil/common-util/target/test-classes/Data5.xlsx
 2017-05-02 16:28:07,854 DEBUG [main]: Processing.../C:/Users/CoderDream/Documents/GitHub/CoderDreamUtil/common-util/target/test-classes/Data5.xlsx
 2017-05-02 16:28:08,125 DEBUG [main]: Processing.../C:/Users/CoderDream/Documents/GitHub/CoderDreamUtil/common-util/target/test-classes/Data5.xlsx
 2017-05-02 16:29:28,364 DEBUG [main]: Processing.../C:/Users/CoderDream/Documents/GitHub/CoderDreamUtil/common-util/target/test-classes/
 2017-05-02 16:29:28,378 DEBUG [main]: Processing.../C:/Users/CoderDream/Documents/GitHub/CoderDreamUtil/common-util/target/test-classes/Data5.xlsx
 2017-05-02 16:29:31,936 DEBUG [main]: Processing.../C:/Users/CoderDream/Documents/GitHub/CoderDreamUtil/common-util/target/test-classes/Data5.xlsx
 2017-05-02 16:29:33,688 DEBUG [main]: Processing.../C:/Users/CoderDream/Documents/GitHub/CoderDreamUtil/common-util/target/test-classes/Data5.xlsx
 2017-05-02 16:29:34,359 DEBUG [main]: Processing.../C:/Users/CoderDream/Documents/GitHub/CoderDreamUtil/common-util/target/test-classes/Data5.xlsx
 2017-05-02 16:29:34,838 DEBUG [main]: Processing.../C:/Users/CoderDream/Documents/GitHub/CoderDreamUtil/common-util/target/test-classes/Data5.xlsx
 2017-05-02 16:29:35,390 DEBUG [main]: Processing.../C:/Users/CoderDream/Documents/GitHub/CoderDreamUtil/common-util/target/test-classes/Data5.xlsx
 2017-05-02 16:29:35,746 DEBUG [main]: Processing.../C:/Users/CoderDream/Documents/GitHub/CoderDreamUtil/common-util/target/test-classes/Data5.xlsx
 2017-05-02 16:29:36,119 DEBUG [main]: Processing.../C:/Users/CoderDream/Documents/GitHub/CoderDreamUtil/common-util/target/test-classes/Data5.xlsx
 2017-05-02 16:29:36,422 DEBUG [main]: Processing.../C:/Users/CoderDream/Documents/GitHub/CoderDreamUtil/common-util/target/test-classes/Data5.xlsx
 2017-05-02 16:29:36,905 DEBUG [main]: Processing.../C:/Users/CoderDream/Documents/GitHub/CoderDreamUtil/common-util/target/test-classes/Data5.xlsx
 2017-05-02 16:31:04,087 DEBUG [main]: Processing.../C:/Users/CoderDream/Documents/GitHub/CoderDreamUtil/common-util/target/test-classes/
 2017-05-02 16:31:04,102 DEBUG [main]: Processing.../C:/Users/CoderDream/Documents/GitHub/CoderDreamUtil/common-util/target/test-classes/Data5.xlsx
 2017-05-02 16:31:07,630 DEBUG [main]: Processing.../C:/Users/CoderDream/Documents/GitHub/CoderDreamUtil/common-util/target/test-classes/Data5.xlsx
 2017-05-02 16:31:09,022 DEBUG [main]: Processing.../C:/Users/CoderDream/Documents/GitHub/CoderDreamUtil/common-util/target/test-classes/Data5.xlsx
 2017-05-02 16:31:09,512 DEBUG [main]: Processing.../C:/Users/CoderDream/Documents/GitHub/CoderDreamUtil/common-util/target/test-classes/Data5.xlsx
 2017-05-02 16:31:09,995 DEBUG [main]: Processing.../C:/Users/CoderDream/Documents/GitHub/CoderDreamUtil/common-util/target/test-classes/Data5.xlsx
 2017-05-02 16:31:10,470 DEBUG [main]: Processing.../C:/Users/CoderDream/Documents/GitHub/CoderDreamUtil/common-util/target/test-classes/Data5.xlsx
 2017-05-02 16:31:10,824 DEBUG [main]: Processing.../C:/Users/CoderDream/Documents/GitHub/CoderDreamUtil/common-util/target/test-classes/Data5.xlsx
 2017-05-02 16:31:11,149 DEBUG [main]: Processing.../C:/Users/CoderDream/Documents/GitHub/CoderDreamUtil/common-util/target/test-classes/Data5.xlsx
 2017-05-02 16:31:11,449 DEBUG [main]: Processing.../C:/Users/CoderDream/Documents/GitHub/CoderDreamUtil/common-util/target/test-classes/Data5.xlsx
 2017-05-02 16:31:11,852 DEBUG [main]: Processing.../C:/Users/CoderDream/Documents/GitHub/CoderDreamUtil/common-util/target/test-classes/Data5.xlsx
 2017-05-02 16:31:29,949 DEBUG [main]: Processing.../C:/Users/CoderDream/Documents/GitHub/CoderDreamUtil/common-util/target/test-classes/
 2017-05-02 16:31:29,964 DEBUG [main]: Processing.../C:/Users/CoderDream/Documents/GitHub/CoderDreamUtil/common-util/target/test-classes/Data5.xlsx
 2017-05-02 16:31:33,260 DEBUG [main]: Processing.../C:/Users/CoderDream/Documents/GitHub/CoderDreamUtil/common-util/target/test-classes/Data5.xlsx
 2017-05-02 16:31:34,376 DEBUG [main]: Processing.../C:/Users/CoderDream/Documents/GitHub/CoderDreamUtil/common-util/target/test-classes/Data5.xlsx
 2017-05-02 16:31:34,891 DEBUG [main]: Processing.../C:/Users/CoderDream/Documents/GitHub/CoderDreamUtil/common-util/target/test-classes/Data5.xlsx
 2017-05-02 16:31:35,380 DEBUG [main]: Processing.../C:/Users/CoderDream/Documents/GitHub/CoderDreamUtil/common-util/target/test-classes/Data5.xlsx
 2017-05-02 16:31:35,806 DEBUG [main]: Processing.../C:/Users/CoderDream/Documents/GitHub/CoderDreamUtil/common-util/target/test-classes/Data5.xlsx
 2017-05-02 16:31:36,121 DEBUG [main]: Processing.../C:/Users/CoderDream/Documents/GitHub/CoderDreamUtil/common-util/target/test-classes/Data5.xlsx
 2017-05-02 16:31:36,407 DEBUG [main]: Processing.../C:/Users/CoderDream/Documents/GitHub/CoderDreamUtil/common-util/target/test-classes/Data5.xlsx
 2017-05-02 16:31:36,762 DEBUG [main]: Processing.../C:/Users/CoderDream/Documents/GitHub/CoderDreamUtil/common-util/target/test-classes/Data5.xlsx
 2017-05-02 16:31:37,183 DEBUG [main]: Processing.../C:/Users/CoderDream/Documents/GitHub/CoderDreamUtil/common-util/target/test-classes/Data5.xlsx
 2017-05-02 16:31:37,811 DEBUG [main]: Processing.../C:/Users/CoderDream/Documents/GitHub/CoderDreamUtil/common-util/target/test-classes/Data5.xlsx
 2017-05-02 16:35:07,551 DEBUG [main]: Processing.../C:/Users/CoderDream/Documents/GitHub/CoderDreamUtil/common-util/target/test-classes/
 2017-05-02 16:35:12,161 DEBUG [main]: Processing.../C:/Users/CoderDream/Documents/GitHub/CoderDreamUtil/common-util/target/test-classes/Data5.xlsx
 2017-05-02 16:35:44,833 DEBUG [main]: Processing.../C:/Users/CoderDream/Documents/GitHub/CoderDreamUtil/common-util/target/test-classes/Data5.xlsx
 2017-05-02 16:35:51,178 DEBUG [main]: Processing.../C:/Users/CoderDream/Documents/GitHub/CoderDreamUtil/common-util/target/test-classes/Data5.xlsx
 2017-05-02 16:35:52,073 DEBUG [main]: Processing.../C:/Users/CoderDream/Documents/GitHub/CoderDreamUtil/common-util/target/test-classes/Data5.xlsx
 2017-05-02 16:35:52,499 DEBUG [main]: Processing.../C:/Users/CoderDream/Documents/GitHub/CoderDreamUtil/common-util/target/test-classes/Data5.xlsx
 2017-05-02 16:35:53,102 DEBUG [main]: Processing.../C:/Users/CoderDream/Documents/GitHub/CoderDreamUtil/common-util/target/test-classes/Data5.xlsx
 2017-05-02 16:35:53,468 DEBUG [main]: Processing.../C:/Users/CoderDream/Documents/GitHub/CoderDreamUtil/common-util/target/test-classes/Data5.xlsx
 2017-05-02 16:35:53,804 DEBUG [main]: Processing.../C:/Users/CoderDream/Documents/GitHub/CoderDreamUtil/common-util/target/test-classes/Data5.xlsx
 2017-05-02 16:35:54,149 DEBUG [main]: Processing.../C:/Users/CoderDream/Documents/GitHub/CoderDreamUtil/common-util/target/test-classes/Data5.xlsx
 2017-05-02 16:35:54,632 DEBUG [main]: Processing.../C:/Users/CoderDream/Documents/GitHub/CoderDreamUtil/common-util/target/test-classes/Data5.xlsx
 2017-05-02 16:39:16,159 DEBUG [main]: Processing.../C:/Users/CoderDream/Documents/GitHub/CoderDreamUtil/common-util/target/test-classes/
 2017-05-02 16:39:16,175 DEBUG [main]: Processing.../C:/Users/CoderDream/Documents/GitHub/CoderDreamUtil/common-util/target/test-classes/Data2.xlsx
 2017-05-02 16:39:30,397 DEBUG [main]: Processing.../C:/Users/CoderDream/Documents/GitHub/CoderDreamUtil/common-util/target/test-classes/
 2017-05-02 16:39:30,420 DEBUG [main]: Processing.../C:/Users/CoderDream/Documents/GitHub/CoderDreamUtil/common-util/target/test-classes/Data5.xlsx
 2017-05-02 16:41:15,699 DEBUG [main]: Processing.../C:/Users/CoderDream/Documents/GitHub/CoderDreamUtil/common-util/target/test-classes/
 2017-05-02 16:41:15,717 DEBUG [main]: Processing.../C:/Users/CoderDream/Documents/GitHub/CoderDreamUtil/common-util/target/test-classes/Data5.xlsx
 2017-05-02 16:42:12,666 DEBUG [main]: Processing.../C:/Users/CoderDream/Documents/GitHub/CoderDreamUtil/common-util/target/test-classes/
 2017-05-02 16:42:19,121 DEBUG [main]: Processing.../C:/Users/CoderDream/Documents/GitHub/CoderDreamUtil/common-util/target/test-classes/Data5.xlsx
 2017-05-02 16:43:15,137 DEBUG [main]: Processing.../C:/Users/CoderDream/Documents/GitHub/CoderDreamUtil/common-util/target/test-classes/
 2017-05-02 16:43:15,159 DEBUG [main]: Processing.../C:/Users/CoderDream/Documents/GitHub/CoderDreamUtil/common-util/target/test-classes/Data5.xlsx
 2017-05-02 16:44:07,279 DEBUG [main]: Processing.../C:/Users/CoderDream/Documents/GitHub/CoderDreamUtil/common-util/target/test-classes/
 2017-05-02 16:44:07,292 DEBUG [main]: Processing.../C:/Users/CoderDream/Documents/GitHub/CoderDreamUtil/common-util/target/test-classes/Data5.xlsx
 2017-05-02 16:45:03,297 DEBUG [main]: Processing.../C:/Users/CoderDream/Documents/GitHub/CoderDreamUtil/common-util/target/test-classes/
 2017-05-02 16:45:03,314 DEBUG [main]: Processing.../C:/Users/CoderDream/Documents/GitHub/CoderDreamUtil/common-util/target/test-classes/Data5.xlsx
 2017-05-02 16:45:06,729 DEBUG [main]: Processing.../C:/Users/CoderDream/Documents/GitHub/CoderDreamUtil/common-util/target/test-classes/Data5.xlsx
 2017-05-02 16:45:07,821 DEBUG [main]: Processing.../C:/Users/CoderDream/Documents/GitHub/CoderDreamUtil/common-util/target/test-classes/Data5.xlsx
 2017-05-02 16:45:08,345 DEBUG [main]: Processing.../C:/Users/CoderDream/Documents/GitHub/CoderDreamUtil/common-util/target/test-classes/Data5.xlsx
 2017-05-02 16:45:08,832 DEBUG [main]: Processing.../C:/Users/CoderDream/Documents/GitHub/CoderDreamUtil/common-util/target/test-classes/Data5.xlsx
 2017-05-02 16:45:09,325 DEBUG [main]: Processing.../C:/Users/CoderDream/Documents/GitHub/CoderDreamUtil/common-util/target/test-classes/Data5.xlsx
 2017-05-02 16:45:09,756 DEBUG [main]: Processing.../C:/Users/CoderDream/Documents/GitHub/CoderDreamUtil/common-util/target/test-classes/Data5.xlsx
 2017-05-02 16:45:10,136 DEBUG [main]: Processing.../C:/Users/CoderDream/Documents/GitHub/CoderDreamUtil/common-util/target/test-classes/Data5.xlsx
 2017-05-02 16:45:10,412 DEBUG [main]: Processing.../C:/Users/CoderDream/Documents/GitHub/CoderDreamUtil/common-util/target/test-classes/Data5.xlsx
 2017-05-02 16:45:10,796 DEBUG [main]: Processing.../C:/Users/CoderDream/Documents/GitHub/CoderDreamUtil/common-util/target/test-classes/Data5.xlsx
 2017-05-02 16:45:11,377 DEBUG [main]: Processing.../C:/Users/CoderDream/Documents/GitHub/CoderDreamUtil/common-util/target/test-classes/Data5.xlsx
 2017-05-02 16:57:37,559 DEBUG [main]: Processing.../C:/Users/CoderDream/Documents/GitHub/CoderDreamUtil/common-util/target/test-classes/
 2017-05-02 16:57:37,573 DEBUG [main]: Processing.../C:/Users/CoderDream/Documents/GitHub/CoderDreamUtil/common-util/target/test-classes/Data6.xlsx
 2017-05-02 16:57:40,585 DEBUG [main]: Processing.../C:/Users/CoderDream/Documents/GitHub/CoderDreamUtil/common-util/target/test-classes/Data6.xlsx
 2017-05-02 16:57:41,598 DEBUG [main]: Processing.../C:/Users/CoderDream/Documents/GitHub/CoderDreamUtil/common-util/target/test-classes/Data6.xlsx
 2017-05-02 16:57:42,393 DEBUG [main]: Processing.../C:/Users/CoderDream/Documents/GitHub/CoderDreamUtil/common-util/target/test-classes/Data6.xlsx
 2017-05-02 16:57:42,881 DEBUG [main]: Processing.../C:/Users/CoderDream/Documents/GitHub/CoderDreamUtil/common-util/target/test-classes/Data6.xlsx
 2017-05-02 16:57:43,374 DEBUG [main]: Processing.../C:/Users/CoderDream/Documents/GitHub/CoderDreamUtil/common-util/target/test-classes/Data6.xlsx
 2017-05-02 16:57:43,782 DEBUG [main]: Processing.../C:/Users/CoderDream/Documents/GitHub/CoderDreamUtil/common-util/target/test-classes/Data6.xlsx
 2017-05-02 16:57:44,159 DEBUG [main]: Processing.../C:/Users/CoderDream/Documents/GitHub/CoderDreamUtil/common-util/target/test-classes/Data6.xlsx
 2017-05-02 16:57:44,491 DEBUG [main]: Processing.../C:/Users/CoderDream/Documents/GitHub/CoderDreamUtil/common-util/target/test-classes/Data6.xlsx
 2017-05-02 16:57:44,894 DEBUG [main]: Processing.../C:/Users/CoderDream/Documents/GitHub/CoderDreamUtil/common-util/target/test-classes/Data6.xlsx
 2017-05-02 16:57:45,424 DEBUG [main]: Processing.../C:/Users/CoderDream/Documents/GitHub/CoderDreamUtil/common-util/target/test-classes/Data6.xlsx
 2017-05-02 17:13:36,987 DEBUG [main]: Processing.../C:/Users/CoderDream/Documents/GitHub/CoderDreamUtil/common-util/target/test-classes/
 2017-05-02 17:13:37,009 DEBUG [main]: Processing.../C:/Users/CoderDream/Documents/GitHub/CoderDreamUtil/common-util/target/test-classes/Data7.xlsx
 2017-05-02 17:13:40,550 DEBUG [main]: Processing.../C:/Users/CoderDream/Documents/GitHub/CoderDreamUtil/common-util/target/test-classes/Data7.xlsx
 2017-05-02 17:13:41,631 DEBUG [main]: Processing.../C:/Users/CoderDream/Documents/GitHub/CoderDreamUtil/common-util/target/test-classes/Data7.xlsx
 2017-05-02 17:13:42,176 DEBUG [main]: Processing.../C:/Users/CoderDream/Documents/GitHub/CoderDreamUtil/common-util/target/test-classes/Data7.xlsx
 2017-05-02 17:13:42,868 DEBUG [main]: Processing.../C:/Users/CoderDream/Documents/GitHub/CoderDreamUtil/common-util/target/test-classes/Data7.xlsx
 2017-05-02 17:13:43,402 DEBUG [main]: Processing.../C:/Users/CoderDream/Documents/GitHub/CoderDreamUtil/common-util/target/test-classes/Data7.xlsx
 2017-05-02 17:13:43,674 DEBUG [main]: Processing.../C:/Users/CoderDream/Documents/GitHub/CoderDreamUtil/common-util/target/test-classes/Data7.xlsx
 2017-05-02 17:13:44,031 DEBUG [main]: Processing.../C:/Users/CoderDream/Documents/GitHub/CoderDreamUtil/common-util/target/test-classes/Data7.xlsx
 2017-05-02 17:13:44,345 DEBUG [main]: Processing.../C:/Users/CoderDream/Documents/GitHub/CoderDreamUtil/common-util/target/test-classes/Data7.xlsx
 2017-05-02 17:13:44,668 DEBUG [main]: Processing.../C:/Users/CoderDream/Documents/GitHub/CoderDreamUtil/common-util/target/test-classes/Data7.xlsx
 2017-05-02 17:13:45,256 DEBUG [main]: Processing.../C:/Users/CoderDream/Documents/GitHub/CoderDreamUtil/common-util/target/test-classes/Data7.xlsx
 2017-05-02 17:13:45,989 DEBUG [main]: Processing.../C:/Users/CoderDream/Documents/GitHub/CoderDreamUtil/common-util/target/test-classes/Data7.xlsx
 2017-05-02 17:21:37,840 DEBUG [main]: Processing.../C:/Users/CoderDream/Documents/GitHub/CoderDreamUtil/common-util/target/test-classes/
 2017-05-02 17:21:37,856 DEBUG [main]: Processing.../C:/Users/CoderDream/Documents/GitHub/CoderDreamUtil/common-util/target/test-classes/Data7.xlsx
 2017-05-02 17:21:41,390 DEBUG [main]: Processing.../C:/Users/CoderDream/Documents/GitHub/CoderDreamUtil/common-util/target/test-classes/Data7.xlsx
 2017-05-02 17:21:42,444 DEBUG [main]: Processing.../C:/Users/CoderDream/Documents/GitHub/CoderDreamUtil/common-util/target/test-classes/Data7.xlsx
 2017-05-02 17:21:43,055 DEBUG [main]: Processing.../C:/Users/CoderDream/Documents/GitHub/CoderDreamUtil/common-util/target/test-classes/Data7.xlsx
 2017-05-02 17:21:43,549 DEBUG [main]: Processing.../C:/Users/CoderDream/Documents/GitHub/CoderDreamUtil/common-util/target/test-classes/Data7.xlsx
 2017-05-02 17:21:43,977 DEBUG [main]: Processing.../C:/Users/CoderDream/Documents/GitHub/CoderDreamUtil/common-util/target/test-classes/Data7.xlsx
 2017-05-02 17:21:44,417 DEBUG [main]: Processing.../C:/Users/CoderDream/Documents/GitHub/CoderDreamUtil/common-util/target/test-classes/Data7.xlsx
 2017-05-02 17:21:44,773 DEBUG [main]: Processing.../C:/Users/CoderDream/Documents/GitHub/CoderDreamUtil/common-util/target/test-classes/Data7.xlsx
 2017-05-02 17:21:45,122 DEBUG [main]: Processing.../C:/Users/CoderDream/Documents/GitHub/CoderDreamUtil/common-util/target/test-classes/Data7.xlsx
 2017-05-02 17:21:45,522 DEBUG [main]: Processing.../C:/Users/CoderDream/Documents/GitHub/CoderDreamUtil/common-util/target/test-classes/Data7.xlsx
 2017-05-02 17:21:46,204 DEBUG [main]: Processing.../C:/Users/CoderDream/Documents/GitHub/CoderDreamUtil/common-util/target/test-classes/Data7.xlsx
 2017-05-02 17:21:46,761 DEBUG [main]: Processing.../C:/Users/CoderDream/Documents/GitHub/CoderDreamUtil/common-util/target/test-classes/Data7.xlsx
 2017-05-02 17:23:43,152 DEBUG [main]: Processing.../C:/Users/CoderDream/Documents/GitHub/CoderDreamUtil/common-util/target/test-classes/
 2017-05-02 17:23:43,181 DEBUG [main]: Processing.../C:/Users/CoderDream/Documents/GitHub/CoderDreamUtil/common-util/target/test-classes/Data7.xlsx
 2017-05-02 17:23:48,530 DEBUG [main]: Processing.../C:/Users/CoderDream/Documents/GitHub/CoderDreamUtil/common-util/target/test-classes/Data7.xlsx
 2017-05-02 17:23:50,219 DEBUG [main]: Processing.../C:/Users/CoderDream/Documents/GitHub/CoderDreamUtil/common-util/target/test-classes/Data7.xlsx
 2017-05-02 17:23:50,973 DEBUG [main]: Processing.../C:/Users/CoderDream/Documents/GitHub/CoderDreamUtil/common-util/target/test-classes/Data7.xlsx
 2017-05-02 17:23:51,351 DEBUG [main]: Processing.../C:/Users/CoderDream/Documents/GitHub/CoderDreamUtil/common-util/target/test-classes/Data7.xlsx
 2017-05-02 17:23:51,792 DEBUG [main]: Processing.../C:/Users/CoderDream/Documents/GitHub/CoderDreamUtil/common-util/target/test-classes/Data7.xlsx
 2017-05-02 17:23:52,331 DEBUG [main]: Processing.../C:/Users/CoderDream/Documents/GitHub/CoderDreamUtil/common-util/target/test-classes/Data7.xlsx
 2017-05-02 17:23:52,671 DEBUG [main]: Processing.../C:/Users/CoderDream/Documents/GitHub/CoderDreamUtil/common-util/target/test-classes/Data7.xlsx
 2017-05-02 17:23:52,913 DEBUG [main]: Processing.../C:/Users/CoderDream/Documents/GitHub/CoderDreamUtil/common-util/target/test-classes/Data7.xlsx
 2017-05-02 17:23:53,393 DEBUG [main]: Processing.../C:/Users/CoderDream/Documents/GitHub/CoderDreamUtil/common-util/target/test-classes/Data7.xlsx
 2017-05-02 17:23:54,174 DEBUG [main]: Processing.../C:/Users/CoderDream/Documents/GitHub/CoderDreamUtil/common-util/target/test-classes/Data7.xlsx
 2017-05-02 17:23:54,903 DEBUG [main]: Processing.../C:/Users/CoderDream/Documents/GitHub/CoderDreamUtil/common-util/target/test-classes/Data7.xlsx
 2017-05-02 17:27:41,093 DEBUG [main]: Processing.../C:/Users/CoderDream/Documents/GitHub/CoderDreamUtil/common-util/target/test-classes/
 2017-05-02 17:27:41,108 DEBUG [main]: Processing.../C:/Users/CoderDream/Documents/GitHub/CoderDreamUtil/common-util/target/test-classes/Data7.xlsx
 2017-05-02 17:27:41,115 DEBUG [main]: Processing.../C:/Users/CoderDream/Documents/GitHub/CoderDreamUtil/common-util/target/test-classes/Data7.xlsx
 2017-05-02 17:27:41,119 DEBUG [main]: Processing.../C:/Users/CoderDream/Documents/GitHub/CoderDreamUtil/common-util/target/test-classes/Data7.xlsx
 2017-05-02 17:27:41,122 DEBUG [main]: Processing.../C:/Users/CoderDream/Documents/GitHub/CoderDreamUtil/common-util/target/test-classes/Data7.xlsx
 2017-05-02 17:27:41,147 DEBUG [main]: Processing.../C:/Users/CoderDream/Documents/GitHub/CoderDreamUtil/common-util/target/test-classes/Data7.xlsx
 2017-05-02 17:27:41,152 DEBUG [main]: Processing.../C:/Users/CoderDream/Documents/GitHub/CoderDreamUtil/common-util/target/test-classes/Data7.xlsx
 2017-05-02 17:27:41,160 DEBUG [main]: Processing.../C:/Users/CoderDream/Documents/GitHub/CoderDreamUtil/common-util/target/test-classes/Data7.xlsx
 2017-05-02 17:27:41,165 DEBUG [main]: Processing.../C:/Users/CoderDream/Documents/GitHub/CoderDreamUtil/common-util/target/test-classes/Data7.xlsx
 2017-05-02 17:27:41,169 DEBUG [main]: Processing.../C:/Users/CoderDream/Documents/GitHub/CoderDreamUtil/common-util/target/test-classes/Data7.xlsx
 2017-05-02 17:27:41,180 DEBUG [main]: Processing.../C:/Users/CoderDream/Documents/GitHub/CoderDreamUtil/common-util/target/test-classes/Data7.xlsx
 2017-05-02 17:27:41,196 DEBUG [main]: Processing.../C:/Users/CoderDream/Documents/GitHub/CoderDreamUtil/common-util/target/test-classes/Data7.xlsx
 2017-05-02 17:27:41,201 DEBUG [main]: Processing.../C:/Users/CoderDream/Documents/GitHub/CoderDreamUtil/common-util/target/test-classes/Data7.xlsx
 2017-05-02 17:35:15,602 DEBUG [main]: Processing.../C:/Users/CoderDream/Documents/GitHub/CoderDreamUtil/common-util/target/test-classes/
 2017-05-02 17:35:15,625 DEBUG [main]: Processing.../C:/Users/CoderDream/Documents/GitHub/CoderDreamUtil/common-util/target/test-classes/Data7.xlsx
 2017-05-02 17:35:20,238 DEBUG [main]: Processing.../C:/Users/CoderDream/Documents/GitHub/CoderDreamUtil/common-util/target/test-classes/Data7.xlsx
 2017-05-02 17:35:21,810 DEBUG [main]: Processing.../C:/Users/CoderDream/Documents/GitHub/CoderDreamUtil/common-util/target/test-classes/Data7.xlsx
 2017-05-02 17:35:22,610 DEBUG [main]: Processing.../C:/Users/CoderDream/Documents/GitHub/CoderDreamUtil/common-util/target/test-classes/Data7.xlsx
 2017-05-02 17:35:23,046 DEBUG [main]: Processing.../C:/Users/CoderDream/Documents/GitHub/CoderDreamUtil/common-util/target/test-classes/Data7.xlsx
 2017-05-02 17:35:23,551 DEBUG [main]: Processing.../C:/Users/CoderDream/Documents/GitHub/CoderDreamUtil/common-util/target/test-classes/Data7.xlsx
 2017-05-02 17:35:24,208 DEBUG [main]: Processing.../C:/Users/CoderDream/Documents/GitHub/CoderDreamUtil/common-util/target/test-classes/Data7.xlsx
 2017-05-02 17:35:24,719 DEBUG [main]: Processing.../C:/Users/CoderDream/Documents/GitHub/CoderDreamUtil/common-util/target/test-classes/Data7.xlsx
 2017-05-02 17:35:25,007 DEBUG [main]: Processing.../C:/Users/CoderDream/Documents/GitHub/CoderDreamUtil/common-util/target/test-classes/Data7.xlsx
 2017-05-02 17:35:25,448 DEBUG [main]: Processing.../C:/Users/CoderDream/Documents/GitHub/CoderDreamUtil/common-util/target/test-classes/Data7.xlsx
 2017-05-02 17:35:26,433 DEBUG [main]: Processing.../C:/Users/CoderDream/Documents/GitHub/CoderDreamUtil/common-util/target/test-classes/Data7.xlsx
 2017-05-02 17:35:26,983 DEBUG [main]: Processing.../C:/Users/CoderDream/Documents/GitHub/CoderDreamUtil/common-util/target/test-classes/Data7.xlsx
 2017-05-03 09:07:55,681 DEBUG [main]: Processing.../D:/Java/GitHub/CoderDreamUtil/common-util/target/test-classes/
 2017-05-03 09:07:55,689 DEBUG [main]: Processing.../D:/Java/GitHub/CoderDreamUtil/common-util/target/test-classes/Data7.xlsx
 2017-05-03 09:07:56,914 DEBUG [main]: Processing.../D:/Java/GitHub/CoderDreamUtil/common-util/target/test-classes/Data7.xlsx
 2017-05-03 09:07:57,057 DEBUG [main]: Processing.../D:/Java/GitHub/CoderDreamUtil/common-util/target/test-classes/Data7.xlsx
 2017-05-03 09:07:57,211 DEBUG [main]: Processing.../D:/Java/GitHub/CoderDreamUtil/common-util/target/test-classes/Data7.xlsx
 2017-05-03 09:07:57,293 DEBUG [main]: Processing.../D:/Java/GitHub/CoderDreamUtil/common-util/target/test-classes/Data7.xlsx
 2017-05-03 09:07:57,461 DEBUG [main]: Processing.../D:/Java/GitHub/CoderDreamUtil/common-util/target/test-classes/Data7.xlsx
 2017-05-03 09:07:57,523 DEBUG [main]: Processing.../D:/Java/GitHub/CoderDreamUtil/common-util/target/test-classes/Data7.xlsx
 2017-05-03 09:07:57,580 DEBUG [main]: Processing.../D:/Java/GitHub/CoderDreamUtil/common-util/target/test-classes/Data7.xlsx
 2017-05-03 09:07:57,627 DEBUG [main]: Processing.../D:/Java/GitHub/CoderDreamUtil/common-util/target/test-classes/Data7.xlsx
 2017-05-03 09:07:57,684 DEBUG [main]: Processing.../D:/Java/GitHub/CoderDreamUtil/common-util/target/test-classes/Data7.xlsx
 2017-05-03 09:07:57,778 DEBUG [main]: Processing.../D:/Java/GitHub/CoderDreamUtil/common-util/target/test-classes/Data7.xlsx
 2017-05-03 09:07:57,864 DEBUG [main]: Processing.../D:/Java/GitHub/CoderDreamUtil/common-util/target/test-classes/Data7.xlsx
 2017-05-03 09:15:24,935 DEBUG [main]: Processing.../D:/Java/GitHub/CoderDreamUtil/common-util/target/test-classes/
 2017-05-03 09:15:24,939 DEBUG [main]: Processing.../D:/Java/GitHub/CoderDreamUtil/common-util/target/test-classes/Data7.xlsx
 2017-05-03 09:15:25,649 DEBUG [main]: Processing.../D:/Java/GitHub/CoderDreamUtil/common-util/target/test-classes/Data7.xlsx
 2017-05-03 09:15:25,799 DEBUG [main]: Processing.../D:/Java/GitHub/CoderDreamUtil/common-util/target/test-classes/Data7.xlsx
 2017-05-03 09:15:25,935 DEBUG [main]: Processing.../D:/Java/GitHub/CoderDreamUtil/common-util/target/test-classes/Data7.xlsx
 2017-05-03 09:15:26,022 DEBUG [main]: Processing.../D:/Java/GitHub/CoderDreamUtil/common-util/target/test-classes/Data7.xlsx
 2017-05-03 09:15:26,127 DEBUG [main]: Processing.../D:/Java/GitHub/CoderDreamUtil/common-util/target/test-classes/Data7.xlsx
 2017-05-03 09:15:26,193 DEBUG [main]: Processing.../D:/Java/GitHub/CoderDreamUtil/common-util/target/test-classes/Data7.xlsx
 2017-05-03 09:15:26,256 DEBUG [main]: Processing.../D:/Java/GitHub/CoderDreamUtil/common-util/target/test-classes/Data7.xlsx
 2017-05-03 09:15:26,309 DEBUG [main]: Processing.../D:/Java/GitHub/CoderDreamUtil/common-util/target/test-classes/Data7.xlsx
 2017-05-03 09:15:26,375 DEBUG [main]: Processing.../D:/Java/GitHub/CoderDreamUtil/common-util/target/test-classes/Data7.xlsx
 2017-05-03 09:15:26,466 DEBUG [main]: Processing.../D:/Java/GitHub/CoderDreamUtil/common-util/target/test-classes/Data7.xlsx
 2017-05-03 09:15:26,547 DEBUG [main]: Processing.../D:/Java/GitHub/CoderDreamUtil/common-util/target/test-classes/Data7.xlsx
 