2017-04-12 16:14:25,344 ERROR [main] [com.coderdream.util.FileUtilTest.testTraverseFolder1(FileUtilTest.java:17)]: ç¨‹åºè¿è¡Œæ—¶é—´ï¼š 1901803537ns
 2017-04-12 16:14:27,059 ERROR [main] [com.coderdream.util.FileUtilTest.testTraverseFolder2(FileUtilTest.java:26)]: ç¨‹åºè¿è¡Œæ—¶é—´ï¼š 1706720887ns
 2017-04-12 16:14:28,048 ERROR [main] [com.coderdream.util.FileUtilTest.testGetFileList(FileUtilTest.java:35)]: ç¨‹åºè¿è¡Œæ—¶é—´ï¼š 986291153ns
 2017-04-12 16:15:28,426 ERROR [main] [com.coderdream.util.FileUtilTest.testTraverseFolder1(FileUtilTest.java:17)]: ç¨‹åºè¿è¡Œæ—¶é—´ï¼š 1108894186ns
 2017-04-12 16:15:29,481 ERROR [main] [com.coderdream.util.FileUtilTest.testTraverseFolder2(FileUtilTest.java:26)]: ç¨‹åºè¿è¡Œæ—¶é—´ï¼š 1048878141ns
 2017-04-12 16:15:30,449 ERROR [main] [com.coderdream.util.FileUtilTest.testGetFileList(FileUtilTest.java:35)]: ç¨‹åºè¿è¡Œæ—¶é—´ï¼š 963263279ns
 2017-04-12 16:19:01,913 ERROR [main] [com.coderdream.util.FileUtilTest.testTraverseFolder1(FileUtilTest.java:17)]: ç¨‹åºè¿è¡Œæ—¶é—´ï¼š 1374509859ns
 2017-04-12 16:19:02,992 ERROR [main] [com.coderdream.util.FileUtilTest.testTraverseFolder2(FileUtilTest.java:26)]: ç¨‹åºè¿è¡Œæ—¶é—´ï¼š 1071453293ns
 2017-04-12 16:19:04,542 ERROR [main] [com.coderdream.util.FileUtilTest.testGetFileList(FileUtilTest.java:35)]: ç¨‹åºè¿è¡Œæ—¶é—´ï¼š 1548146315ns
 2017-04-12 16:19:21,806 ERROR [main] [com.coderdream.util.FileUtilTest.testTraverseFolder1(FileUtilTest.java:17)]: ç¨‹åºè¿è¡Œæ—¶é—´ï¼š 1107849046ns
 2017-04-12 16:19:22,925 ERROR [main] [com.coderdream.util.FileUtilTest.testTraverseFolder2(FileUtilTest.java:26)]: ç¨‹åºè¿è¡Œæ—¶é—´ï¼š 1111262146ns
 2017-04-12 16:19:23,931 ERROR [main] [com.coderdream.util.FileUtilTest.testGetFileList(FileUtilTest.java:35)]: ç¨‹åºè¿è¡Œæ—¶é—´ï¼š 1005223993ns
 2017-04-12 18:01:51,404 ERROR [main] [com.b510.excel.util.ExcelUtilTest.testWriteXlsxWithFileInfoList(ExcelUtilTest.java:82)]: ç¨‹åºè¿è¡Œæ—¶é—´ï¼š 14292196340ns
 2017-04-12 19:09:33,838 ERROR [main] [com.b510.excel.util.ExcelUtilTest.testWriteXlsxWithFileInfoList(ExcelUtilTest.java:82)]: ç¨‹åºè¿è¡Œæ—¶é—´ï¼š 14476406792ns
 2017-04-12 20:29:19,472 ERROR [main] [com.b510.excel.util.ExcelUtilTest.testWriteXlsxWithFileInfoList(ExcelUtilTest.java:82)]: ç¨‹åºè¿è¡Œæ—¶é—´ï¼š 10694780169ns
 2017-04-12 20:31:06,097 ERROR [main] [com.b510.excel.util.ExcelUtilTest.testWriteXlsxWithFileInfoList(ExcelUtilTest.java:82)]: ç¨‹åºè¿è¡Œæ—¶é—´ï¼š 11ns
 2017-04-12 20:36:51,971 ERROR [main] [com.b510.excel.util.ExcelUtilTest.testWriteXlsxWithFileInfoList(ExcelUtilTest.java:82)]: ç¨‹åºè¿è¡Œæ—¶é—´ï¼š 3 seconds
 2017-04-12 20:44:15,917 ERROR [main] [com.b510.excel.util.ExcelUtilTest.testWriteXlsxWithFileInfoList(ExcelUtilTest.java:86)]: ç¨‹åºè¿è¡Œæ—¶é—´ï¼š 2 seconds
 2017-04-12 20:46:35,766 ERROR [main] [com.b510.excel.util.ExcelUtilTest.testWriteXlsxWithFileInfoList(ExcelUtilTest.java:86)]: ç¨‹åºè¿è¡Œæ—¶é—´ï¼š 3 seconds
 2017-04-12 20:54:30,170 ERROR [main] [com.b510.excel.util.ExcelUtilTest.testWriteXlsxWithFileInfoList(ExcelUtilTest.java:86)]: ç¨‹åºè¿è¡Œæ—¶é—´ï¼š 1 seconds
 2017-04-12 20:56:05,559 ERROR [main] [com.b510.excel.util.ExcelUtilTest.testWriteXlsxWithFileInfoList(ExcelUtilTest.java:86)]: ç¨‹åºè¿è¡Œæ—¶é—´ï¼š 1 seconds
 2017-04-12 21:29:46,653 ERROR [main] [com.coderdream.common_util.ReadDirectoryTest.testGetFileStringListOfString(ReadDirectoryTest.java:52)]: ç¨‹åºè¿è¡Œæ—¶é—´ï¼š 65197274ns
 2017-04-12 21:30:30,764 ERROR [main] [com.coderdream.common_util.ReadDirectoryTest.testGetFileStringListOfString(ReadDirectoryTest.java:52)]: ç¨‹åºè¿è¡Œæ—¶é—´ï¼š 0 seconds
 2017-04-12 21:31:13,806 ERROR [main] [com.coderdream.common_util.ReadDirectoryTest.testGetFileStringListOfString(ReadDirectoryTest.java:52)]: ç¨‹åºè¿è¡Œæ—¶é—´ï¼š 0 seconds
 2017-04-12 21:31:44,356 ERROR [main] [com.coderdream.common_util.ReadDirectoryTest.testGetFileStringListOfString(ReadDirectoryTest.java:50)]: ç¨‹åºè¿è¡Œæ—¶é—´ï¼š 3 seconds
 2017-04-12 21:32:38,029 ERROR [main] [com.coderdream.common_util.ReadDirectoryTest.testGetFileStringListOfString(ReadDirectoryTest.java:50)]: filenameList size:  7524
 2017-04-12 21:32:38,030 ERROR [main] [com.coderdream.common_util.ReadDirectoryTest.testGetFileStringListOfString(ReadDirectoryTest.java:51)]: ç¨‹åºè¿è¡Œæ—¶é—´ï¼š 2 seconds
 2017-04-12 21:36:43,688 ERROR [main] [com.b510.excel.util.ExcelUtilTest.testWriteXlsxWithFileInfoList(ExcelUtilTest.java:78)]: ç¨‹åºè¿è¡Œæ—¶é—´ï¼š 2 seconds
 2017-04-12 21:38:24,968 ERROR [main] [com.b510.excel.util.ExcelUtilTest.testWriteXlsxWithFileInfoList(ExcelUtilTest.java:78)]: ç¨‹åºè¿è¡Œæ—¶é—´ï¼š 2 seconds
 2017-04-12 21:48:48,437 ERROR [main] [com.b510.excel.util.ExcelUtilTest.testWriteXlsxWithFileInfoList(ExcelUtilTest.java:80)]: ç¨‹åºè¿è¡Œæ—¶é—´ï¼š 558 seconds
 2017-04-13 19:12:38,600 ERROR [main] [com.b510.excel.util.ExcelUtilTest.testWriteXlsxWithFilenameList(ExcelUtilTest.java:99)]: ç¨‹åºè¿è¡Œæ—¶é—´ï¼š 25 seconds
 2017-05-03 14:19:49,977 ERROR [main] [com.coderdream.util.FileUtilTest.testTraverseFolder1(FileUtilTest.java:19)]: ³ÌĞòÔËĞĞÊ±¼ä£º 545186ns
 2017-05-03 14:19:50,005 ERROR [main] [com.coderdream.util.FileUtilTest.testTraverseFolder2(FileUtilTest.java:28)]: ³ÌĞòÔËĞĞÊ±¼ä£º 314422ns
 2017-05-03 14:19:50,005 ERROR [main] [com.coderdream.util.FileUtilTest.testGetFileList(FileUtilTest.java:37)]: ³ÌĞòÔËĞĞÊ±¼ä£º 154256ns
 2017-05-03 14:27:37,762 ERROR [main] [com.coderdream.util.FileUtilTest.testTraverseFolder1(FileUtilTest.java:19)]: ³ÌĞòÔËĞĞÊ±¼ä£º 576908ns
 2017-05-03 14:27:37,763 ERROR [main] [com.coderdream.util.FileUtilTest.testTraverseFolder2(FileUtilTest.java:28)]: ³ÌĞòÔËĞĞÊ±¼ä£º 253466ns
 2017-05-03 14:27:37,763 ERROR [main] [com.coderdream.util.FileUtilTest.testGetFileList(FileUtilTest.java:37)]: ³ÌĞòÔËĞĞÊ±¼ä£º 190333ns
 2017-05-03 14:29:28,686 ERROR [main] [com.coderdream.util.FileUtilTest.testTraverseFolder1(FileUtilTest.java:19)]: ³ÌĞòÔËĞĞÊ±¼ä£º 627601ns
 2017-05-03 14:29:28,687 ERROR [main] [com.coderdream.util.FileUtilTest.testTraverseFolder2(FileUtilTest.java:28)]: ³ÌĞòÔËĞĞÊ±¼ä£º 291408ns
 2017-05-03 14:29:28,687 ERROR [main] [com.coderdream.util.FileUtilTest.testGetFileList(FileUtilTest.java:37)]: ³ÌĞòÔËĞĞÊ±¼ä£º 164520ns
 2017-05-03 14:33:00,319 ERROR [main] [com.coderdream.util.FileUtilTest.testTraverseFolder1(FileUtilTest.java:19)]: ç¨‹åºè¿è¡Œæ—¶é—´ï¼š 791187ns
 2017-05-03 14:33:00,320 ERROR [main] [com.coderdream.util.FileUtilTest.testTraverseFolder2(FileUtilTest.java:28)]: ç¨‹åºè¿è¡Œæ—¶é—´ï¼š 397149ns
 2017-05-03 14:33:00,320 ERROR [main] [com.coderdream.util.FileUtilTest.testGetFileList(FileUtilTest.java:37)]: ç¨‹åºè¿è¡Œæ—¶é—´ï¼š 218635ns
 2017-05-03 14:34:25,010 ERROR [main] [com.coderdream.util.FileUtilTest.testTraverseFolder1(FileUtilTest.java:19)]: ç¨‹åºè¿è¡Œæ—¶é—´ï¼š 1411947ns
 2017-05-03 14:34:25,013 ERROR [main] [com.coderdream.util.FileUtilTest.testTraverseFolder2(FileUtilTest.java:28)]: ç¨‹åºè¿è¡Œæ—¶é—´ï¼š 2696072ns
 2017-05-03 14:34:25,013 ERROR [main] [com.coderdream.util.FileUtilTest.testGetFileList(FileUtilTest.java:37)]: ç¨‹åºè¿è¡Œæ—¶é—´ï¼š 216146ns
 2017-05-03 14:36:19,273 ERROR [main] [com.coderdream.util.FileUtilTest.testTraverseFolder1(FileUtilTest.java:19)]: ç¨‹åºè¿è¡Œæ—¶é—´ï¼š 664299ns
 2017-05-03 14:36:19,274 ERROR [main] [com.coderdream.util.FileUtilTest.testTraverseFolder2(FileUtilTest.java:28)]: ç¨‹åºè¿è¡Œæ—¶é—´ï¼š 453129ns
 2017-05-03 14:36:19,274 ERROR [main] [com.coderdream.util.FileUtilTest.testGetFileList(FileUtilTest.java:37)]: ç¨‹åºè¿è¡Œæ—¶é—´ï¼š 242581ns
 2017-05-03 14:39:12,645 ERROR [main] [com.coderdream.util.FileUtilTest.testTraverseFolder1(FileUtilTest.java:19)]: ç¨‹åºè¿è¡Œæ—¶é—´ï¼š 808293ns
 2017-05-03 14:39:12,646 ERROR [main] [com.coderdream.util.FileUtilTest.testTraverseFolder2(FileUtilTest.java:28)]: ç¨‹åºè¿è¡Œæ—¶é—´ï¼š 396838ns
 2017-05-03 14:39:12,646 ERROR [main] [com.coderdream.util.FileUtilTest.testGetFileList(FileUtilTest.java:37)]: ç¨‹åºè¿è¡Œæ—¶é—´ï¼š 230763ns
 2017-05-03 14:40:22,939 ERROR [main] [com.coderdream.util.FileUtilTest.testTraverseFolder1(FileUtilTest.java:19)]: ç¨‹åºè¿è¡Œæ—¶é—´ï¼š 829752ns
 2017-05-03 14:40:22,940 ERROR [main] [com.coderdream.util.FileUtilTest.testTraverseFolder2(FileUtilTest.java:28)]: ç¨‹åºè¿è¡Œæ—¶é—´ï¼š 323752ns
 2017-05-03 14:40:22,941 ERROR [main] [com.coderdream.util.FileUtilTest.testGetFileList(FileUtilTest.java:37)]: ç¨‹åºè¿è¡Œæ—¶é—´ï¼š 198108ns
 