2017-05-17 08:46:19,613 ERROR [main] [com.coderdream.util.FileUtilTest.testTraverseFolder1(FileUtilTest.java:19)]: 程序运行时间： 760406ns
 2017-05-17 08:46:19,620 ERROR [main] [com.coderdream.util.FileUtilTest.testTraverseFolder2(FileUtilTest.java:28)]: 程序运行时间： 6604487ns
 2017-05-17 08:46:19,623 ERROR [main] [com.coderdream.util.FileUtilTest.testGetFileList(FileUtilTest.java:37)]: 程序运行时间： 3017052ns
 2017-05-17 09:26:07,504 ERROR [main] [com.coderdream.util.FileUtilTest.testTraverseFolder1(FileUtilTest.java:19)]: 程序运行时间： 1024137ns
 2017-05-17 09:26:07,505 ERROR [main] [com.coderdream.util.FileUtilTest.testTraverseFolder2(FileUtilTest.java:28)]: 程序运行时间： 435717ns
 2017-05-17 09:26:07,506 ERROR [main] [com.coderdream.util.FileUtilTest.testGetFileList(FileUtilTest.java:37)]: 程序运行时间： 257823ns
 2017-05-17 09:27:09,724 ERROR [main] [com.coderdream.util.FileUtilTest.testTraverseFolder1(FileUtilTest.java:19)]: 程序运行时间： 19038438ns
 2017-05-17 09:27:09,725 ERROR [main] [com.coderdream.util.FileUtilTest.testTraverseFolder2(FileUtilTest.java:28)]: 程序运行时间： 501961ns
 2017-05-17 09:27:09,725 ERROR [main] [com.coderdream.util.FileUtilTest.testGetFileList(FileUtilTest.java:37)]: 程序运行时间： 230143ns
 2017-05-17 14:52:35,586 ERROR [main] [com.coderdream.util.FileUtilTest.testTraverseFolder1(FileUtilTest.java:19)]: 程序运行时间： 1096601ns
 2017-05-17 14:52:35,589 ERROR [main] [com.coderdream.util.FileUtilTest.testTraverseFolder2(FileUtilTest.java:28)]: 程序运行时间： 1990428ns
 2017-05-17 14:52:35,589 ERROR [main] [com.coderdream.util.FileUtilTest.testGetFileList(FileUtilTest.java:37)]: 程序运行时间： 230143ns
 2017-05-17 15:22:52,123 ERROR [main] [com.coderdream.util.FileUtilTest.testTraverseFolder1(FileUtilTest.java:19)]: 程序运行时间： 1178084ns
 2017-05-17 15:22:52,130 ERROR [main] [com.coderdream.util.FileUtilTest.testTraverseFolder2(FileUtilTest.java:28)]: 程序运行时间： 510669ns
 2017-05-17 15:22:52,130 ERROR [main] [com.coderdream.util.FileUtilTest.testGetFileList(FileUtilTest.java:37)]: 程序运行时间： 271506ns
 2017-05-17 15:32:23,355 ERROR [main] [com.coderdream.util.FileUtilTest.testTraverseFolder1(FileUtilTest.java:19)]: 程序运行时间： 864592ns
 2017-05-17 15:32:23,360 ERROR [main] [com.coderdream.util.FileUtilTest.testTraverseFolder2(FileUtilTest.java:28)]: 程序运行时间： 724017ns
 2017-05-17 15:32:23,361 ERROR [main] [com.coderdream.util.FileUtilTest.testGetFileList(FileUtilTest.java:37)]: 程序运行时间： 293588ns
 2017-05-17 15:34:38,317 ERROR [main] [com.coderdream.util.FileUtilTest.testTraverseFolder1(FileUtilTest.java:19)]: 程序运行时间： 981218ns
 2017-05-17 15:34:38,318 ERROR [main] [com.coderdream.util.FileUtilTest.testTraverseFolder2(FileUtilTest.java:28)]: 程序运行时间： 364186ns
 2017-05-17 15:34:38,318 ERROR [main] [com.coderdream.util.FileUtilTest.testGetFileList(FileUtilTest.java:37)]: 程序运行时间： 226411ns
 2017-05-19 10:42:07,174 ERROR [main] [com.coderdream.gensql.service.DataService.getIsbgHumanMapListInfo(DataService.java:522)]: ############### B-13618	2016-01-01	6
 2017-05-19 10:42:07,175 ERROR [main] [com.coderdream.gensql.service.DataService.getIsbgHumanMapListInfo(DataService.java:522)]: ############### B-10987	2017-09-17	4
 2017-05-19 10:42:51,986 ERROR [main] [com.coderdream.gensql.service.DataService.getIsbgHumanMapListInfo(DataService.java:522)]: ############### B-10612	2016-06-02	4
 2017-05-19 10:42:51,990 ERROR [main] [com.coderdream.gensql.service.DataService.getIsbgHumanMapListInfo(DataService.java:522)]: ############### B-13618	2016-01-01	9
 2017-05-19 10:42:51,991 ERROR [main] [com.coderdream.gensql.service.DataService.getIsbgHumanMapListInfo(DataService.java:522)]: ############### B-10803	2017-09-01	6
 2017-05-19 10:42:51,992 ERROR [main] [com.coderdream.gensql.service.DataService.getIsbgHumanMapListInfo(DataService.java:522)]: ############### B-13416	2017-08-18	5
 2017-05-19 10:42:51,995 ERROR [main] [com.coderdream.gensql.service.DataService.getIsbgHumanMapListInfo(DataService.java:522)]: ############### B-13086	2017-01-25	7
 2017-05-19 10:42:51,996 ERROR [main] [com.coderdream.gensql.service.DataService.getIsbgHumanMapListInfo(DataService.java:522)]: ############### B-10803	2017-07-31	8
 2017-05-19 10:43:26,509 ERROR [main] [com.coderdream.gensql.service.DataService.getIsbgHumanMapListInfo(DataService.java:522)]: ############### B-13545	2017-10-17	5
 2017-05-19 10:43:26,510 ERROR [main] [com.coderdream.gensql.service.DataService.getIsbgHumanMapListInfo(DataService.java:522)]: ############### B-13585	2017-12-16	9
 2017-05-19 10:43:26,510 ERROR [main] [com.coderdream.gensql.service.DataService.getIsbgHumanMapListInfo(DataService.java:522)]: ############### B-13618	2017-09-26	17
 2017-05-19 10:43:26,511 ERROR [main] [com.coderdream.gensql.service.DataService.getIsbgHumanMapListInfo(DataService.java:522)]: ############### B-10803	2017-12-16	16
 2017-05-19 10:43:26,512 ERROR [main] [com.coderdream.gensql.service.DataService.getIsbgHumanMapListInfo(DataService.java:522)]: ############### B-13585	2017-10-17	12
 2017-05-19 10:43:26,512 ERROR [main] [com.coderdream.gensql.service.DataService.getIsbgHumanMapListInfo(DataService.java:522)]: ############### B-12479	2017-10-17	9
 2017-05-19 10:43:26,512 ERROR [main] [com.coderdream.gensql.service.DataService.getIsbgHumanMapListInfo(DataService.java:522)]: ############### B-12479	2017-05-21	18
 2017-05-19 10:43:26,513 ERROR [main] [com.coderdream.gensql.service.DataService.getIsbgHumanMapListInfo(DataService.java:522)]: ############### B-13545	2017-07-17	5
 2017-05-19 10:43:26,514 ERROR [main] [com.coderdream.gensql.service.DataService.getIsbgHumanMapListInfo(DataService.java:522)]: ############### B-11034	2017-07-17	18
 2017-05-19 10:43:26,515 ERROR [main] [com.coderdream.gensql.service.DataService.getIsbgHumanMapListInfo(DataService.java:522)]: ############### B-13140	2016-12-18	10
 2017-05-19 10:43:26,515 ERROR [main] [com.coderdream.gensql.service.DataService.getIsbgHumanMapListInfo(DataService.java:522)]: ############### B-12347	2016-04-18	12
 2017-05-19 10:43:26,516 ERROR [main] [com.coderdream.gensql.service.DataService.getIsbgHumanMapListInfo(DataService.java:522)]: ############### B-12788	2016-01-01	7
 2017-05-19 10:43:26,516 ERROR [main] [com.coderdream.gensql.service.DataService.getIsbgHumanMapListInfo(DataService.java:522)]: ############### B-13416	2017-08-14	11
 2017-05-19 10:43:26,516 ERROR [main] [com.coderdream.gensql.service.DataService.getIsbgHumanMapListInfo(DataService.java:522)]: ############### B-13367	2016-01-01	6
 2017-05-19 10:43:26,517 ERROR [main] [com.coderdream.gensql.service.DataService.getIsbgHumanMapListInfo(DataService.java:522)]: ############### B-10401	2017-12-01	7
 2017-05-19 10:43:26,518 ERROR [main] [com.coderdream.gensql.service.DataService.getIsbgHumanMapListInfo(DataService.java:522)]: ############### B-10294	2017-03-18	9
 2017-05-19 10:43:26,518 ERROR [main] [com.coderdream.gensql.service.DataService.getIsbgHumanMapListInfo(DataService.java:522)]: ############### B-13618	2016-06-23	12
 2017-05-19 10:43:26,519 ERROR [main] [com.coderdream.gensql.service.DataService.getIsbgHumanMapListInfo(DataService.java:522)]: ############### B-13158	2016-08-22	14
 2017-05-19 10:43:26,520 ERROR [main] [com.coderdream.gensql.service.DataService.getIsbgHumanMapListInfo(DataService.java:522)]: ############### B-11382	2016-01-01	7
 2017-05-19 10:43:26,520 ERROR [main] [com.coderdream.gensql.service.DataService.getIsbgHumanMapListInfo(DataService.java:522)]: ############### B-10612	2017-03-17	11
 2017-05-19 10:43:26,520 ERROR [main] [com.coderdream.gensql.service.DataService.getIsbgHumanMapListInfo(DataService.java:522)]: ############### B-10612	2017-12-01	8
 2017-05-19 10:43:50,031 ERROR [main] [com.coderdream.gensql.service.DataService.getIsbgHumanMapListInfo(DataService.java:522)]: ############### B-12110	2016-02-09	14
 2017-05-19 10:43:50,032 ERROR [main] [com.coderdream.gensql.service.DataService.getIsbgHumanMapListInfo(DataService.java:522)]: ############### B-12347	2017-07-15	9
 2017-05-19 10:43:50,034 ERROR [main] [com.coderdream.gensql.service.DataService.getIsbgHumanMapListInfo(DataService.java:522)]: ############### B-10294	2017-10-02	15
 2017-05-19 10:43:50,035 ERROR [main] [com.coderdream.gensql.service.DataService.getIsbgHumanMapListInfo(DataService.java:522)]: ############### B-12629	2017-11-16	9
 2017-05-19 10:43:50,036 ERROR [main] [com.coderdream.gensql.service.DataService.getIsbgHumanMapListInfo(DataService.java:522)]: ############### B-12844	2017-03-09	6
 2017-05-19 10:43:50,036 ERROR [main] [com.coderdream.gensql.service.DataService.getIsbgHumanMapListInfo(DataService.java:522)]: ############### B-13550	2017-12-01	12
 2017-05-19 10:43:50,037 ERROR [main] [com.coderdream.gensql.service.DataService.getIsbgHumanMapListInfo(DataService.java:522)]: ############### B-12056	2017-12-01	7
 2017-05-19 10:43:50,038 ERROR [main] [com.coderdream.gensql.service.DataService.getIsbgHumanMapListInfo(DataService.java:522)]: ############### B-10803	2017-09-17	7
 2017-05-19 10:43:50,044 ERROR [main] [com.coderdream.gensql.service.DataService.getIsbgHumanMapListInfo(DataService.java:522)]: ############### B-12347	2017-04-16	11
 2017-05-19 10:43:50,046 ERROR [main] [com.coderdream.gensql.service.DataService.getIsbgHumanMapListInfo(DataService.java:522)]: ############### B-13618	2017-07-02	13
 2017-05-19 10:43:50,047 ERROR [main] [com.coderdream.gensql.service.DataService.getIsbgHumanMapListInfo(DataService.java:522)]: ############### B-10612	2017-12-01	9
 2017-05-19 10:43:50,048 ERROR [main] [com.coderdream.gensql.service.DataService.getIsbgHumanMapListInfo(DataService.java:522)]: ############### B-10364	2017-03-25	13
 2017-05-19 10:43:50,048 ERROR [main] [com.coderdream.gensql.service.DataService.getIsbgHumanMapListInfo(DataService.java:522)]: ############### B-10612	2016-02-03	10
 2017-05-19 10:46:53,576 ERROR [main] [com.coderdream.gensql.service.DataService.getIsbgHumanMapListInfo(DataService.java:524)]: ############### B-12629	2017-09-17	15
 2017-05-19 10:46:53,577 ERROR [main] [com.coderdream.gensql.service.DataService.getIsbgHumanMapListInfo(DataService.java:524)]: ############### B-12737	2017-09-17	9
 2017-05-19 10:46:53,577 ERROR [main] [com.coderdream.gensql.service.DataService.getIsbgHumanMapListInfo(DataService.java:524)]: ############### B-13618	2016-09-07	8
 2017-05-19 10:46:53,578 ERROR [main] [com.coderdream.gensql.service.DataService.getIsbgHumanMapListInfo(DataService.java:524)]: ############### B-12844	2017-07-18	8
 2017-05-19 10:46:53,579 ERROR [main] [com.coderdream.gensql.service.DataService.getIsbgHumanMapListInfo(DataService.java:524)]: ############### B-13158	2017-08-29	12
 2017-05-19 10:46:53,579 ERROR [main] [com.coderdream.gensql.service.DataService.getIsbgHumanMapListInfo(DataService.java:524)]: ############### B-10437	2017-11-01	9
 2017-05-19 10:46:53,580 ERROR [main] [com.coderdream.gensql.service.DataService.getIsbgHumanMapListInfo(DataService.java:524)]: ############### B-12788	2017-07-03	12
 2017-05-19 10:46:53,580 ERROR [main] [com.coderdream.gensql.service.DataService.getIsbgHumanMapListInfo(DataService.java:524)]: ############### B-13550	2017-06-01	5
 2017-05-19 10:46:53,581 ERROR [main] [com.coderdream.gensql.service.DataService.getIsbgHumanMapListInfo(DataService.java:524)]: ############### B-12187	2017-11-16	15
 2017-05-19 10:46:53,582 ERROR [main] [com.coderdream.gensql.service.DataService.getIsbgHumanMapListInfo(DataService.java:524)]: ############### B-13618	2016-05-10	13
 2017-05-19 10:46:53,582 ERROR [main] [com.coderdream.gensql.service.DataService.getIsbgHumanMapListInfo(DataService.java:524)]: ############### B-11034	2017-03-24	13
 2017-05-19 10:46:53,582 ERROR [main] [com.coderdream.gensql.service.DataService.getIsbgHumanMapListInfo(DataService.java:524)]: ############### B-13416	2017-05-20	12
 2017-05-19 10:46:53,583 ERROR [main] [com.coderdream.gensql.service.DataService.getIsbgHumanMapListInfo(DataService.java:524)]: ############### B-12629	2017-04-25	11
 2017-05-19 10:46:53,583 ERROR [main] [com.coderdream.gensql.service.DataService.getIsbgHumanMapListInfo(DataService.java:524)]: ############### B-10097	2017-07-03	7
 2017-05-19 10:46:53,584 ERROR [main] [com.coderdream.gensql.service.DataService.getIsbgHumanMapListInfo(DataService.java:524)]: ############### B-12844	2017-08-18	13
 2017-05-19 10:46:53,584 ERROR [main] [com.coderdream.gensql.service.DataService.getIsbgHumanMapListInfo(DataService.java:524)]: ############### B-12486	2016-01-01	5
 2017-05-19 10:46:53,585 ERROR [main] [com.coderdream.gensql.service.DataService.getIsbgHumanMapListInfo(DataService.java:524)]: ############### B-12629	2017-08-02	12
 2017-05-19 10:46:53,585 ERROR [main] [com.coderdream.gensql.service.DataService.getIsbgHumanMapListInfo(DataService.java:524)]: ############### B-12347	2017-09-02	12
 2017-05-19 10:46:53,585 ERROR [main] [com.coderdream.gensql.service.DataService.getIsbgHumanMapListInfo(DataService.java:524)]: ############### B-13140	2017-09-13	10
 2017-05-19 10:46:53,586 ERROR [main] [com.coderdream.gensql.service.DataService.getIsbgHumanMapListInfo(DataService.java:524)]: ############### B-13416	2017-03-18	9
 2017-05-19 10:46:53,587 ERROR [main] [com.coderdream.gensql.service.DataService.getIsbgHumanMapListInfo(DataService.java:524)]: ############### B-10803	2016-12-08	15
 2017-05-19 10:46:53,588 ERROR [main] [com.coderdream.gensql.service.DataService.getIsbgHumanMapListInfo(DataService.java:524)]: ############### B-11034	2017-10-02	10
 2017-05-19 10:46:53,590 ERROR [main] [com.coderdream.gensql.service.DataService.getIsbgHumanMapListInfo(DataService.java:524)]: ############### B-13585	2017-12-01	11
 2017-05-19 10:46:53,590 ERROR [main] [com.coderdream.gensql.service.DataService.getIsbgHumanMapListInfo(DataService.java:524)]: ############### B-10294	2017-09-02	15
 2017-05-19 10:46:53,592 ERROR [main] [com.coderdream.gensql.service.DataService.getIsbgHumanMapListInfo(DataService.java:531)]: getIsbgHumanMapListInfo idel count: 24
 2017-05-19 10:47:21,188 ERROR [main] [com.coderdream.gensql.service.DataService.getIsbgHumanMapListInfo(DataService.java:524)]: ############### B-13086	2017-05-26	6
 2017-05-19 10:47:21,190 ERROR [main] [com.coderdream.gensql.service.DataService.getIsbgHumanMapListInfo(DataService.java:524)]: ############### B-13158	2017-10-02	7
 2017-05-19 10:47:21,191 ERROR [main] [com.coderdream.gensql.service.DataService.getIsbgHumanMapListInfo(DataService.java:524)]: ############### B-10987	2017-03-09	6
 2017-05-19 10:47:21,192 ERROR [main] [com.coderdream.gensql.service.DataService.getIsbgHumanMapListInfo(DataService.java:524)]: ############### B-10437	2017-11-01	11
 2017-05-19 10:47:21,192 ERROR [main] [com.coderdream.gensql.service.DataService.getIsbgHumanMapListInfo(DataService.java:524)]: ############### B-11059	2017-11-01	8
 2017-05-19 10:47:21,193 ERROR [main] [com.coderdream.gensql.service.DataService.getIsbgHumanMapListInfo(DataService.java:524)]: ############### B-10771	2017-07-02	15
 2017-05-19 10:47:21,194 ERROR [main] [com.coderdream.gensql.service.DataService.getIsbgHumanMapListInfo(DataService.java:524)]: ############### B-10987	2017-07-02	12
 2017-05-19 10:47:21,194 ERROR [main] [com.coderdream.gensql.service.DataService.getIsbgHumanMapListInfo(DataService.java:524)]: ############### B-12737	2017-01-24	11
 2017-05-19 10:47:21,195 ERROR [main] [com.coderdream.gensql.service.DataService.getIsbgHumanMapListInfo(DataService.java:524)]: ############### B-13585	2016-03-15	8
 2017-05-19 10:47:21,196 ERROR [main] [com.coderdream.gensql.service.DataService.getIsbgHumanMapListInfo(DataService.java:524)]: ############### B-10364	2017-09-17	12
 2017-05-19 10:47:21,196 ERROR [main] [com.coderdream.gensql.service.DataService.getIsbgHumanMapListInfo(DataService.java:524)]: ############### B-11382	2017-05-20	13
 2017-05-19 10:47:21,198 ERROR [main] [com.coderdream.gensql.service.DataService.getIsbgHumanMapListInfo(DataService.java:524)]: ############### B-10294	2016-07-11	11
 2017-05-19 10:47:21,199 ERROR [main] [com.coderdream.gensql.service.DataService.getIsbgHumanMapListInfo(DataService.java:524)]: ############### B-11059	2017-09-30	6
 2017-05-19 10:47:21,200 ERROR [main] [com.coderdream.gensql.service.DataService.getIsbgHumanMapListInfo(DataService.java:524)]: ############### B-11059	2017-07-17	9
 2017-05-19 10:47:21,201 ERROR [main] [com.coderdream.gensql.service.DataService.getIsbgHumanMapListInfo(DataService.java:524)]: ############### B-12187	2017-11-01	8
 2017-05-19 10:47:21,201 ERROR [main] [com.coderdream.gensql.service.DataService.getIsbgHumanMapListInfo(DataService.java:531)]: getIsbgHumanMapListInfo idel count: 15
 2017-05-19 10:48:13,645 ERROR [main] [com.coderdream.gensql.service.DataService.getIsbgHumanMapListInfo(DataService.java:524)]: ############### B-12187	2017-10-02	14
 2017-05-19 10:48:13,647 ERROR [main] [com.coderdream.gensql.service.DataService.getIsbgHumanMapListInfo(DataService.java:524)]: ############### B-12479	2017-07-18	9
 2017-05-19 10:48:13,647 ERROR [main] [com.coderdream.gensql.service.DataService.getIsbgHumanMapListInfo(DataService.java:524)]: ############### B-13158	2017-09-02	14
 2017-05-19 10:48:13,647 ERROR [main] [com.coderdream.gensql.service.DataService.getIsbgHumanMapListInfo(DataService.java:524)]: ############### B-13385	2017-09-02	14
 2017-05-19 10:48:13,649 ERROR [main] [com.coderdream.gensql.service.DataService.getIsbgHumanMapListInfo(DataService.java:524)]: ############### B-12122	2016-04-30	6
 2017-05-19 10:48:13,650 ERROR [main] [com.coderdream.gensql.service.DataService.getIsbgHumanMapListInfo(DataService.java:524)]: ############### B-13140	2017-11-16	14
 2017-05-19 10:48:13,651 ERROR [main] [com.coderdream.gensql.service.DataService.getIsbgHumanMapListInfo(DataService.java:524)]: ############### B-13454	2016-06-03	15
 2017-05-19 10:48:13,653 ERROR [main] [com.coderdream.gensql.service.DataService.getIsbgHumanMapListInfo(DataService.java:524)]: ############### B-13086	2017-07-11	11
 2017-05-19 10:48:13,654 ERROR [main] [com.coderdream.gensql.service.DataService.getIsbgHumanMapListInfo(DataService.java:524)]: ############### B-13367	2017-12-16	7
 2017-05-19 10:48:13,655 ERROR [main] [com.coderdream.gensql.service.DataService.getIsbgHumanMapListInfo(DataService.java:524)]: ############### B-10294	2016-04-28	7
 2017-05-19 10:48:13,656 ERROR [main] [com.coderdream.gensql.service.DataService.getIsbgHumanMapListInfo(DataService.java:524)]: ############### B-10294	2017-11-01	10
 2017-05-19 10:48:13,656 ERROR [main] [com.coderdream.gensql.service.DataService.getIsbgHumanMapListInfo(DataService.java:524)]: ############### B-10401	2017-11-01	8
 2017-05-19 10:48:13,656 ERROR [main] [com.coderdream.gensql.service.DataService.getIsbgHumanMapListInfo(DataService.java:524)]: ############### B-13550	2017-07-19	14
 2017-05-19 10:48:13,658 ERROR [main] [com.coderdream.gensql.service.DataService.getIsbgHumanMapListInfo(DataService.java:531)]: getIsbgHumanMapListInfo idel count: 13
 2017-05-19 11:04:58,973 ERROR [main] [com.coderdream.gensql.service.DataService.getIsbgHumanMapListInfo(DataService.java:525)]: ############### B-12479	2017-10-03	13
 2017-05-19 11:04:58,974 ERROR [main] [com.coderdream.gensql.service.DataService.getIsbgHumanMapListInfo(DataService.java:525)]: ############### B-10437	2017-10-18	13
 2017-05-19 11:04:58,975 ERROR [main] [com.coderdream.gensql.service.DataService.getIsbgHumanMapListInfo(DataService.java:525)]: ############### B-12788	2017-12-17	11
 2017-05-19 11:04:58,975 ERROR [main] [com.coderdream.gensql.service.DataService.getIsbgHumanMapListInfo(DataService.java:525)]: ############### B-13367	2017-03-04	5
 2017-05-19 11:04:58,976 ERROR [main] [com.coderdream.gensql.service.DataService.getIsbgHumanMapListInfo(DataService.java:525)]: ############### B-11034	2017-04-08	6
 2017-05-19 11:04:58,976 ERROR [main] [com.coderdream.gensql.service.DataService.getIsbgHumanMapListInfo(DataService.java:525)]: ############### B-13416	2017-09-02	15
 2017-05-19 11:04:58,978 ERROR [main] [com.coderdream.gensql.service.DataService.getIsbgHumanMapListInfo(DataService.java:525)]: ############### B-12629	2017-09-03	14
 2017-05-19 11:04:58,979 ERROR [main] [com.coderdream.gensql.service.DataService.getIsbgHumanMapListInfo(DataService.java:525)]: ############### B-11034	2017-01-01	13
 2017-05-19 11:04:58,981 ERROR [main] [com.coderdream.gensql.service.DataService.getIsbgHumanMapListInfo(DataService.java:525)]: ############### B-13385	2017-06-16	6
 2017-05-19 11:04:58,981 ERROR [main] [com.coderdream.gensql.service.DataService.getIsbgHumanMapListInfo(DataService.java:525)]: ############### B-10255	2017-12-02	8
 2017-05-19 11:04:58,982 ERROR [main] [com.coderdream.gensql.service.DataService.getIsbgHumanMapListInfo(DataService.java:525)]: ############### B-12347	2017-06-03	9
 2017-05-19 11:04:58,983 ERROR [main] [com.coderdream.gensql.service.DataService.getIsbgHumanMapListInfo(DataService.java:525)]: ############### B-11034	2017-12-02	9
 2017-05-19 11:04:58,984 ERROR [main] [com.coderdream.gensql.service.DataService.getIsbgHumanMapListInfo(DataService.java:525)]: ############### B-10294	2017-03-11	10
 2017-05-19 11:04:58,984 ERROR [main] [com.coderdream.gensql.service.DataService.getIsbgHumanMapListInfo(DataService.java:525)]: ############### B-10437	2017-02-02	11
 2017-05-19 11:04:58,985 ERROR [main] [com.coderdream.gensql.service.DataService.getIsbgHumanMapListInfo(DataService.java:525)]: ############### B-12788	2017-05-02	11
 2017-05-19 11:04:58,985 ERROR [main] [com.coderdream.gensql.service.DataService.getIsbgHumanMapListInfo(DataService.java:532)]: getIsbgHumanMapListInfo idel count: 15
 2017-05-19 11:26:50,721 ERROR [main] [com.coderdream.gensql.service.DataService.getIsbgHumanMapListInfo(DataService.java:513)]: ############### B-11059	2017-03-28	11
 2017-05-19 11:26:50,722 ERROR [main] [com.coderdream.gensql.service.DataService.getIsbgHumanMapListInfo(DataService.java:513)]: ############### B-10987	2017-08-19	8
 2017-05-19 11:26:50,724 ERROR [main] [com.coderdream.gensql.service.DataService.getIsbgHumanMapListInfo(DataService.java:513)]: ############### B-10401	2017-06-05	6
 2017-05-19 11:26:50,725 ERROR [main] [com.coderdream.gensql.service.DataService.getIsbgHumanMapListInfo(DataService.java:513)]: ############### B-12737	2017-07-04	5
 2017-05-19 11:26:50,732 ERROR [main] [com.coderdream.gensql.service.DataService.getIsbgHumanMapListInfo(DataService.java:513)]: ############### B-12737	2017-08-19	11
 2017-05-19 11:26:50,733 ERROR [main] [com.coderdream.gensql.service.DataService.getIsbgHumanMapListInfo(DataService.java:513)]: ############### B-11382	2017-06-20	7
 2017-05-19 11:26:50,735 ERROR [main] [com.coderdream.gensql.service.DataService.getIsbgHumanMapListInfo(DataService.java:513)]: ############### B-12110	2017-10-18	13
 2017-05-19 11:26:50,742 ERROR [main] [com.coderdream.gensql.service.DataService.getIsbgHumanMapListInfo(DataService.java:513)]: ############### B-11034	2017-12-02	14
 2017-05-19 11:26:50,744 ERROR [main] [com.coderdream.gensql.service.DataService.getIsbgHumanMapListInfo(DataService.java:520)]: getIsbgHumanMapListInfo idel count: 8
 2017-05-19 11:29:04,664 ERROR [main] [com.coderdream.gensql.service.DataService.getIsbgHumanMapListInfo(DataService.java:513)]: ############### B-13416	2017-04-09	7
 2017-05-19 11:29:04,665 ERROR [main] [com.coderdream.gensql.service.DataService.getIsbgHumanMapListInfo(DataService.java:513)]: ############### B-13618	2017-10-03	9
 2017-05-19 11:29:04,665 ERROR [main] [com.coderdream.gensql.service.DataService.getIsbgHumanMapListInfo(DataService.java:513)]: ############### B-13086	2017-09-03	7
 2017-05-19 11:29:04,666 ERROR [main] [com.coderdream.gensql.service.DataService.getIsbgHumanMapListInfo(DataService.java:513)]: ############### B-12122	2017-10-18	12
 2017-05-19 11:29:04,666 ERROR [main] [com.coderdream.gensql.service.DataService.getIsbgHumanMapListInfo(DataService.java:513)]: ############### B-11382	2017-06-03	8
 2017-05-19 11:29:04,668 ERROR [main] [com.coderdream.gensql.service.DataService.getIsbgHumanMapListInfo(DataService.java:513)]: ############### B-10364	2017-07-20	10
 2017-05-19 11:29:04,669 ERROR [main] [com.coderdream.gensql.service.DataService.getIsbgHumanMapListInfo(DataService.java:513)]: ############### B-10987	2017-04-13	11
 2017-05-19 11:29:04,670 ERROR [main] [com.coderdream.gensql.service.DataService.getIsbgHumanMapListInfo(DataService.java:513)]: ############### B-13158	2017-05-12	11
 2017-05-19 11:29:04,671 ERROR [main] [com.coderdream.gensql.service.DataService.getIsbgHumanMapListInfo(DataService.java:513)]: ############### B-13416	2017-04-27	7
 2017-05-19 11:29:04,671 ERROR [main] [com.coderdream.gensql.service.DataService.getIsbgHumanMapListInfo(DataService.java:513)]: ############### B-12056	2017-08-03	9
 2017-05-19 11:29:04,672 ERROR [main] [com.coderdream.gensql.service.DataService.getIsbgHumanMapListInfo(DataService.java:513)]: ############### B-11034	2017-07-05	14
 2017-05-19 11:29:04,672 ERROR [main] [com.coderdream.gensql.service.DataService.getIsbgHumanMapListInfo(DataService.java:513)]: ############### B-10401	2017-01-01	13
 2017-05-19 11:29:04,673 ERROR [main] [com.coderdream.gensql.service.DataService.getIsbgHumanMapListInfo(DataService.java:513)]: ############### B-10364	2017-05-20	6
 2017-05-19 11:29:04,674 ERROR [main] [com.coderdream.gensql.service.DataService.getIsbgHumanMapListInfo(DataService.java:520)]: getIsbgHumanMapListInfo idel count: 13
 2017-05-19 11:39:40,286 ERROR [main] [com.coderdream.gensql.service.DataService.getIsbgHumanMapListInfo(DataService.java:513)]: ############### B-10771	2017-05-28	7
 2017-05-19 11:39:40,291 ERROR [main] [com.coderdream.gensql.service.DataService.getIsbgHumanMapListInfo(DataService.java:513)]: ############### B-10612	2017-05-14	7
 2017-05-19 11:39:40,293 ERROR [main] [com.coderdream.gensql.service.DataService.getIsbgHumanMapListInfo(DataService.java:513)]: ############### B-10437	2017-03-30	5
 2017-05-19 11:39:40,295 ERROR [main] [com.coderdream.gensql.service.DataService.getIsbgHumanMapListInfo(DataService.java:520)]: getIsbgHumanMapListInfo idel count: 3
 2017-05-19 11:40:25,498 ERROR [main] [com.coderdream.gensql.service.DataService.getIsbgHumanMapListInfo(DataService.java:513)]: ############### B-12056	2017-02-25	3
 2017-05-19 11:40:25,499 ERROR [main] [com.coderdream.gensql.service.DataService.getIsbgHumanMapListInfo(DataService.java:513)]: ############### B-12844	2017-03-29	5
 2017-05-19 11:40:25,500 ERROR [main] [com.coderdream.gensql.service.DataService.getIsbgHumanMapListInfo(DataService.java:513)]: ############### B-13618	2017-05-21	7
 2017-05-19 11:40:25,500 ERROR [main] [com.coderdream.gensql.service.DataService.getIsbgHumanMapListInfo(DataService.java:513)]: ############### B-12122	2017-02-13	2
 2017-05-19 11:40:25,500 ERROR [main] [com.coderdream.gensql.service.DataService.getIsbgHumanMapListInfo(DataService.java:513)]: ############### B-12486	2017-02-13	2
 2017-05-19 11:40:25,501 ERROR [main] [com.coderdream.gensql.service.DataService.getIsbgHumanMapListInfo(DataService.java:513)]: ############### B-10987	2017-02-17	7
 2017-05-19 11:40:25,501 ERROR [main] [com.coderdream.gensql.service.DataService.getIsbgHumanMapListInfo(DataService.java:513)]: ############### B-10401	2017-03-23	5
 2017-05-19 11:40:25,502 ERROR [main] [com.coderdream.gensql.service.DataService.getIsbgHumanMapListInfo(DataService.java:513)]: ############### B-13585	2017-04-09	3
 2017-05-19 11:40:25,503 ERROR [main] [com.coderdream.gensql.service.DataService.getIsbgHumanMapListInfo(DataService.java:513)]: ############### B-13550	2017-03-24	5
 2017-05-19 11:40:25,504 ERROR [main] [com.coderdream.gensql.service.DataService.getIsbgHumanMapListInfo(DataService.java:513)]: ############### B-13454	2017-05-21	5
 2017-05-19 11:40:25,504 ERROR [main] [com.coderdream.gensql.service.DataService.getIsbgHumanMapListInfo(DataService.java:513)]: ############### B-10612	2017-04-16	6
 2017-05-19 11:40:25,505 ERROR [main] [com.coderdream.gensql.service.DataService.getIsbgHumanMapListInfo(DataService.java:513)]: ############### B-13140	2017-04-08	5
 2017-05-19 11:40:25,505 ERROR [main] [com.coderdream.gensql.service.DataService.getIsbgHumanMapListInfo(DataService.java:513)]: ############### B-13367	2017-04-08	7
 2017-05-19 11:40:25,506 ERROR [main] [com.coderdream.gensql.service.DataService.getIsbgHumanMapListInfo(DataService.java:513)]: ############### B-12187	2017-01-16	4
 2017-05-19 11:40:25,506 ERROR [main] [com.coderdream.gensql.service.DataService.getIsbgHumanMapListInfo(DataService.java:513)]: ############### B-12479	2017-04-30	7
 2017-05-19 11:40:25,507 ERROR [main] [com.coderdream.gensql.service.DataService.getIsbgHumanMapListInfo(DataService.java:513)]: ############### B-12788	2017-04-30	2
 2017-05-19 11:40:25,507 ERROR [main] [com.coderdream.gensql.service.DataService.getIsbgHumanMapListInfo(DataService.java:513)]: ############### B-12844	2017-01-01	4
 2017-05-19 11:40:25,508 ERROR [main] [com.coderdream.gensql.service.DataService.getIsbgHumanMapListInfo(DataService.java:513)]: ############### B-13385	2017-05-14	2
 2017-05-19 11:40:25,508 ERROR [main] [com.coderdream.gensql.service.DataService.getIsbgHumanMapListInfo(DataService.java:513)]: ############### B-13367	2017-06-11	7
 2017-05-19 11:40:25,509 ERROR [main] [com.coderdream.gensql.service.DataService.getIsbgHumanMapListInfo(DataService.java:513)]: ############### B-13385	2017-03-26	2
 2017-05-19 11:40:25,509 ERROR [main] [com.coderdream.gensql.service.DataService.getIsbgHumanMapListInfo(DataService.java:513)]: ############### B-13454	2017-06-18	2
 2017-05-19 11:40:25,509 ERROR [main] [com.coderdream.gensql.service.DataService.getIsbgHumanMapListInfo(DataService.java:513)]: ############### B-10437	2017-05-14	2
 2017-05-19 11:40:25,510 ERROR [main] [com.coderdream.gensql.service.DataService.getIsbgHumanMapListInfo(DataService.java:513)]: ############### B-10987	2017-05-14	6
 2017-05-19 11:40:25,510 ERROR [main] [com.coderdream.gensql.service.DataService.getIsbgHumanMapListInfo(DataService.java:513)]: ############### B-11059	2017-03-05	6
 2017-05-19 11:40:25,510 ERROR [main] [com.coderdream.gensql.service.DataService.getIsbgHumanMapListInfo(DataService.java:513)]: ############### B-13158	2017-04-30	7
 2017-05-19 11:40:25,511 ERROR [main] [com.coderdream.gensql.service.DataService.getIsbgHumanMapListInfo(DataService.java:513)]: ############### B-11034	2017-04-09	4
 2017-05-19 11:40:25,511 ERROR [main] [com.coderdream.gensql.service.DataService.getIsbgHumanMapListInfo(DataService.java:513)]: ############### B-12056	2017-03-09	6
 2017-05-19 11:40:25,512 ERROR [main] [com.coderdream.gensql.service.DataService.getIsbgHumanMapListInfo(DataService.java:513)]: ############### B-10255	2017-01-01	7
 2017-05-19 11:40:25,512 ERROR [main] [com.coderdream.gensql.service.DataService.getIsbgHumanMapListInfo(DataService.java:513)]: ############### B-13550	2017-01-01	2
 2017-05-19 11:40:25,514 ERROR [main] [com.coderdream.gensql.service.DataService.getIsbgHumanMapListInfo(DataService.java:513)]: ############### B-10612	2017-04-02	6
 2017-05-19 11:40:25,514 ERROR [main] [com.coderdream.gensql.service.DataService.getIsbgHumanMapListInfo(DataService.java:513)]: ############### B-13545	2017-06-18	3
 2017-05-19 11:40:25,515 ERROR [main] [com.coderdream.gensql.service.DataService.getIsbgHumanMapListInfo(DataService.java:513)]: ############### B-10612	2017-06-18	2
 2017-05-19 11:40:25,515 ERROR [main] [com.coderdream.gensql.service.DataService.getIsbgHumanMapListInfo(DataService.java:513)]: ############### B-12737	2017-02-03	2
 2017-05-19 11:40:25,516 ERROR [main] [com.coderdream.gensql.service.DataService.getIsbgHumanMapListInfo(DataService.java:513)]: ############### B-12187	2017-06-04	2
 2017-05-19 11:40:25,516 ERROR [main] [com.coderdream.gensql.service.DataService.getIsbgHumanMapListInfo(DataService.java:513)]: ############### B-12347	2017-06-04	6
 2017-05-19 11:40:25,516 ERROR [main] [com.coderdream.gensql.service.DataService.getIsbgHumanMapListInfo(DataService.java:513)]: ############### B-13618	2017-06-18	4
 2017-05-19 11:40:25,517 ERROR [main] [com.coderdream.gensql.service.DataService.getIsbgHumanMapListInfo(DataService.java:520)]: getIsbgHumanMapListInfo idel count: 36
 2017-05-19 11:41:04,109 ERROR [main] [com.coderdream.gensql.service.DataService.getIsbgHumanMapListInfo(DataService.java:513)]: ############### B-12629	2017-05-20	3
 2017-05-19 11:41:04,109 ERROR [main] [com.coderdream.gensql.service.DataService.getIsbgHumanMapListInfo(DataService.java:513)]: ############### B-12122	2017-05-13	4
 2017-05-19 11:41:04,110 ERROR [main] [com.coderdream.gensql.service.DataService.getIsbgHumanMapListInfo(DataService.java:513)]: ############### B-10771	2017-03-24	3
 2017-05-19 11:41:04,110 ERROR [main] [com.coderdream.gensql.service.DataService.getIsbgHumanMapListInfo(DataService.java:513)]: ############### B-10803	2017-03-24	6
 2017-05-19 11:41:04,111 ERROR [main] [com.coderdream.gensql.service.DataService.getIsbgHumanMapListInfo(DataService.java:513)]: ############### B-12479	2017-04-14	5
 2017-05-19 11:41:04,111 ERROR [main] [com.coderdream.gensql.service.DataService.getIsbgHumanMapListInfo(DataService.java:513)]: ############### B-13545	2017-02-24	4
 2017-05-19 11:41:04,111 ERROR [main] [com.coderdream.gensql.service.DataService.getIsbgHumanMapListInfo(DataService.java:513)]: ############### B-13140	2017-05-27	6
 2017-05-19 11:41:04,112 ERROR [main] [com.coderdream.gensql.service.DataService.getIsbgHumanMapListInfo(DataService.java:513)]: ############### B-13454	2017-03-21	4
 2017-05-19 11:41:04,113 ERROR [main] [com.coderdream.gensql.service.DataService.getIsbgHumanMapListInfo(DataService.java:513)]: ############### B-10401	2017-03-21	4
 2017-05-19 11:41:04,113 ERROR [main] [com.coderdream.gensql.service.DataService.getIsbgHumanMapListInfo(DataService.java:513)]: ############### B-12347	2017-05-27	5
 2017-05-19 11:41:04,114 ERROR [main] [com.coderdream.gensql.service.DataService.getIsbgHumanMapListInfo(DataService.java:513)]: ############### B-11059	2017-06-03	6
 2017-05-19 11:41:04,114 ERROR [main] [com.coderdream.gensql.service.DataService.getIsbgHumanMapListInfo(DataService.java:513)]: ############### B-13158	2017-04-07	5
 2017-05-19 11:41:04,115 ERROR [main] [com.coderdream.gensql.service.DataService.getIsbgHumanMapListInfo(DataService.java:513)]: ############### B-11382	2017-05-20	3
 2017-05-19 11:41:04,116 ERROR [main] [com.coderdream.gensql.service.DataService.getIsbgHumanMapListInfo(DataService.java:513)]: ############### B-12788	2017-01-01	3
 2017-05-19 11:41:04,116 ERROR [main] [com.coderdream.gensql.service.DataService.getIsbgHumanMapListInfo(DataService.java:513)]: ############### B-12479	2017-04-21	5
 2017-05-19 11:41:04,118 ERROR [main] [com.coderdream.gensql.service.DataService.getIsbgHumanMapListInfo(DataService.java:513)]: ############### B-10437	2017-05-13	3
 2017-05-19 11:41:04,118 ERROR [main] [com.coderdream.gensql.service.DataService.getIsbgHumanMapListInfo(DataService.java:513)]: ############### B-12629	2017-03-15	3
 2017-05-19 11:41:04,119 ERROR [main] [com.coderdream.gensql.service.DataService.getIsbgHumanMapListInfo(DataService.java:513)]: ############### B-10294	2017-05-27	4
 2017-05-19 11:41:04,119 ERROR [main] [com.coderdream.gensql.service.DataService.getIsbgHumanMapListInfo(DataService.java:513)]: ############### B-13618	2017-02-17	4
 2017-05-19 11:41:04,119 ERROR [main] [com.coderdream.gensql.service.DataService.getIsbgHumanMapListInfo(DataService.java:513)]: ############### B-11382	2017-04-22	6
 2017-05-19 11:41:04,120 ERROR [main] [com.coderdream.gensql.service.DataService.getIsbgHumanMapListInfo(DataService.java:513)]: ############### B-11034	2017-04-08	4
 2017-05-19 11:41:04,121 ERROR [main] [com.coderdream.gensql.service.DataService.getIsbgHumanMapListInfo(DataService.java:513)]: ############### B-13158	2017-06-24	6
 2017-05-19 11:41:04,121 ERROR [main] [com.coderdream.gensql.service.DataService.getIsbgHumanMapListInfo(DataService.java:513)]: ############### B-11059	2017-06-10	4
 2017-05-19 11:41:04,122 ERROR [main] [com.coderdream.gensql.service.DataService.getIsbgHumanMapListInfo(DataService.java:513)]: ############### B-13140	2017-06-17	5
 2017-05-19 11:41:04,122 ERROR [main] [com.coderdream.gensql.service.DataService.getIsbgHumanMapListInfo(DataService.java:513)]: ############### B-12347	2017-02-22	3
 2017-05-19 11:41:04,123 ERROR [main] [com.coderdream.gensql.service.DataService.getIsbgHumanMapListInfo(DataService.java:520)]: getIsbgHumanMapListInfo idel count: 25
 